<?xml version="1.0" encoding="UTF-8"?>
<robot generator="Robot 2.9.1 (Jython 2.7.0 on java1.8.0_60)" generated="20151007 14:31:02.533">
<suite source="C:\Workspace\Collaboration" name="Collaboration" id="s1">
<suite source="C:\Workspace\Collaboration\FunctionalTest" name="FunctionalTest" id="s1-s1">
<suite source="C:\Workspace\Collaboration\FunctionalTest\LoginLogoutFunctionalityTest.robot" name="LoginLogoutFunctionalityTest" id="s1-s1-s1">
<test name="User Should Successfully Login To The Windows Desktop App" id="s1-s1-s1-t1">
<kw type="setup" library="sikuli_keywords" name="Set Default Image Library Path">
<arguments>
<arg>${FREELANCER_DESKTOPAPP_IMAGELIBRARY}</arg>
</arguments>
<msg level="TRACE" timestamp="20151007 14:31:08.041">Arguments: [ ${p_imageLibraryPath}='C:/Collaboration/Resources/Library/ImagesLibrary' ]</msg>
<kw library="sikulilibrary.SikuliMethods" name="Set Image Library Path">
<arguments>
<arg>${p_imageLibraryPath}</arg>
</arguments>
<msg level="TRACE" timestamp="20151007 14:31:08.046">Arguments: [ 'C:/Collaboration/Resources/Library/ImagesLibrary' ]</msg>
<msg level="TRACE" timestamp="20151007 14:31:08.050">Return: None</msg>
<status endtime="20151007 14:31:08.050" starttime="20151007 14:31:08.043" status="PASS"></status>
</kw>
<msg level="TRACE" timestamp="20151007 14:31:08.051">Return: None</msg>
<status endtime="20151007 14:31:08.052" starttime="20151007 14:31:08.033" status="PASS"></status>
</kw>
<kw library="desktop_install_uninstall_dialog" name="Given The &quot;Windows&quot; Desktop App Is Installed">
<msg level="TRACE" timestamp="20151007 14:31:08.078">Arguments: [  ]</msg>
<kw library="desktop_install_uninstall_dialog" name="The &quot;${tc_OS}&quot; Desktop App Installer Should Be Successfully Installed">
<msg level="TRACE" timestamp="20151007 14:31:08.080">Arguments: [  ]</msg>
<kw library="BuiltIn" name="Run Keyword If">
<doc>Runs the given keyword with the given arguments, if ``condition`` is true.</doc>
<arguments>
<arg>'${tc_OS}' == 'Windows'</arg>
<arg>Verify If Freelancer Desktop App Is Installed in Windows</arg>
</arguments>
<msg level="TRACE" timestamp="20151007 14:31:08.334">Arguments: [ "'Windows' == 'Windows'" | 'Verify If Freelancer Desktop App Is Installed in Windows' ]</msg>
<kw library="desktop_install_uninstall_dialog" name="Verify If Freelancer Desktop App Is Installed in Windows">
<msg level="TRACE" timestamp="20151007 14:31:08.454">Arguments: [  ]</msg>
<kw library="OperatingSystem" name="Directory Should Not Be Empty">
<doc>Fails if the specified directory is empty.</doc>
<arguments>
<arg>${WINDOWS_APPLICATION_INSTALLATION_DIRECTORY}</arg>
</arguments>
<msg level="TRACE" timestamp="20151007 14:31:08.482">Arguments: [ 'C:/Program Files (x86)/Freelancer.com/Freelancer Desktop App' ]</msg>
<msg level="INFO" html="yes" timestamp="20151007 14:31:08.483">Listing contents of directory '&lt;a href="file://C:\Program Files (x86)\Freelancer.com\Freelancer Desktop App"&gt;C:\Program Files (x86)\Freelancer.com\Freelancer Desktop App&lt;/a&gt;'.</msg>
<msg level="INFO" html="yes" timestamp="20151007 14:31:08.484">Directory '&lt;a href="file://C:\Program Files (x86)\Freelancer.com\Freelancer Desktop App"&gt;C:\Program Files (x86)\Freelancer.com\Freelancer Desktop App&lt;/a&gt;' contains 11 items.</msg>
<msg level="TRACE" timestamp="20151007 14:31:08.578">Return: None</msg>
<status endtime="20151007 14:31:08.579" starttime="20151007 14:31:08.480" status="PASS"></status>
</kw>
<kw library="OperatingSystem" name="File Should Exist">
<doc>Fails unless the given ``path`` points to an existing file.</doc>
<arguments>
<arg>${WINDOWS_APPLICATION_INSTALLATION_DIRECTORY}/${WINDOWS_DESKTOPAPP_EXECUTABLE}</arg>
</arguments>
<msg level="TRACE" timestamp="20151007 14:31:08.677">Arguments: [ 'C:/Program Files (x86)/Freelancer.com/Freelancer Desktop App/freelancer-desktop-app.exe' ]</msg>
<msg level="INFO" html="yes" timestamp="20151007 14:31:08.680">File '&lt;a href="file://C:\Program Files (x86)\Freelancer.com\Freelancer Desktop App\freelancer-desktop-app.exe"&gt;C:\Program Files (x86)\Freelancer.com\Freelancer Desktop App\freelancer-desktop-app.exe&lt;/a&gt;' exists</msg>
<msg level="TRACE" timestamp="20151007 14:31:08.681">Return: None</msg>
<status endtime="20151007 14:31:08.681" starttime="20151007 14:31:08.675" status="PASS"></status>
</kw>
<msg level="TRACE" timestamp="20151007 14:31:08.682">Return: None</msg>
<status endtime="20151007 14:31:08.683" starttime="20151007 14:31:08.453" status="PASS"></status>
</kw>
<msg level="TRACE" timestamp="20151007 14:31:08.683">Return: None</msg>
<status endtime="20151007 14:31:08.684" starttime="20151007 14:31:08.328" status="PASS"></status>
</kw>
<msg level="TRACE" timestamp="20151007 14:31:08.684">Return: None</msg>
<status endtime="20151007 14:31:08.684" starttime="20151007 14:31:08.079" status="PASS"></status>
</kw>
<msg level="TRACE" timestamp="20151007 14:31:08.685">Return: None</msg>
<status endtime="20151007 14:31:08.685" starttime="20151007 14:31:08.073" status="PASS"></status>
</kw>
<kw library="desktopapp_login_page" name="When User Runs the &quot;Windows&quot; Desktop App">
<msg level="TRACE" timestamp="20151007 14:31:08.689">Arguments: [  ]</msg>
<kw library="BuiltIn" name="Run Keyword If">
<doc>Runs the given keyword with the given arguments, if ``condition`` is true.</doc>
<arguments>
<arg>'${tc_OS}' == 'Windows'</arg>
<arg>Start Application</arg>
<arg>${WINDOWS_APPLICATION_INSTALLATION_DIRECTORY}/${WINDOWS_DESKTOPAPP_EXECUTABLE}</arg>
</arguments>
<msg level="TRACE" timestamp="20151007 14:31:08.693">Arguments: [ "'Windows' == 'Windows'" | 'Start Application' | '${WINDOWS_APPLICATION_INSTALLATION_DIRECTORY}/${WINDOWS_DESKTOPAPP_EXECUTABLE}' ]</msg>
<kw library="sikuli_keywords" name="Start Application">
<arguments>
<arg>${WINDOWS_APPLICATION_INSTALLATION_DIRECTORY}/${WINDOWS_DESKTOPAPP_EXECUTABLE}</arg>
</arguments>
<msg level="TRACE" timestamp="20151007 14:31:08.726">Arguments: [ ${g_APPLICATION_PATH}='C:/Program Files (x86)/Freelancer.com/Freelancer Desktop App/freelancer-desktop-app.exe' ]</msg>
<kw library="sikulilibrary.SikuliMethods" name="Start App">
<arguments>
<arg>${g_APPLICATION_PATH}</arg>
</arguments>
<msg level="TRACE" timestamp="20151007 14:31:08.732">Arguments: [ 'C:/Program Files (x86)/Freelancer.com/Freelancer Desktop App/freelancer-desktop-app.exe' ]</msg>
<msg level="INFO" timestamp="20151007 14:31:08.735">[log] App.open [2132:]</msg>
<msg level="TRACE" timestamp="20151007 14:31:08.736">Return: None</msg>
<status endtime="20151007 14:31:08.737" starttime="20151007 14:31:08.729" status="PASS"></status>
</kw>
<kw library="sikuli_keywords" name="Set Application Focus">
<arguments>
<arg>${FREELANCER_DESKTOPAPP_NAME}</arg>
</arguments>
<msg level="TRACE" timestamp="20151007 14:31:08.740">Arguments: [ ${g_APPLICATION_NAME}='Freelancer Desktop App' ]</msg>
<kw library="sikulilibrary.SikuliMethods" name="Set App Focus">
<arguments>
<arg>${g_APPLICATION_NAME}</arg>
</arguments>
<msg level="TRACE" timestamp="20151007 14:31:08.745">Arguments: [ 'Freelancer Desktop App' ]</msg>
<msg level="INFO" timestamp="20151007 14:31:08.756">[log] App.focus:  [0:Freelancer]</msg>
<msg level="TRACE" timestamp="20151007 14:31:08.756">Return: None</msg>
<status endtime="20151007 14:31:08.756" starttime="20151007 14:31:08.743" status="PASS"></status>
</kw>
<msg level="TRACE" timestamp="20151007 14:31:08.757">Return: None</msg>
<status endtime="20151007 14:31:08.757" starttime="20151007 14:31:08.738" status="PASS"></status>
</kw>
<msg level="TRACE" timestamp="20151007 14:31:08.758">Return: None</msg>
<status endtime="20151007 14:31:08.758" starttime="20151007 14:31:08.719" status="PASS"></status>
</kw>
<msg level="TRACE" timestamp="20151007 14:31:08.759">Return: None</msg>
<status endtime="20151007 14:31:08.762" starttime="20151007 14:31:08.691" status="PASS"></status>
</kw>
<msg level="TRACE" timestamp="20151007 14:31:08.765">Return: None</msg>
<status endtime="20151007 14:31:08.766" starttime="20151007 14:31:08.687" status="PASS"></status>
</kw>
<kw library="desktopapp_login_page" name="Then User Should Be Able To View The Update Checker">
<msg level="TRACE" timestamp="20151007 14:31:08.769">Arguments: [  ]</msg>
<kw library="sikuli_keywords" name="Wait In Seconds">
<arguments>
<arg>1</arg>
</arguments>
<msg level="TRACE" timestamp="20151007 14:31:08.772">Arguments: [ ${p_seconds}='1' ]</msg>
<kw library="sikulilibrary.SikuliMethods" name="Set Wait Value">
<arguments>
<arg>${p_seconds}</arg>
</arguments>
<msg level="TRACE" timestamp="20151007 14:31:08.778">Arguments: [ '1' ]</msg>
<msg level="TRACE" timestamp="20151007 14:31:09.813">Return: None</msg>
<status endtime="20151007 14:31:09.817" starttime="20151007 14:31:08.776" status="PASS"></status>
</kw>
<msg level="TRACE" timestamp="20151007 14:31:09.820">Return: None</msg>
<status endtime="20151007 14:31:09.821" starttime="20151007 14:31:08.771" status="PASS"></status>
</kw>
<kw library="BuiltIn" name="Run Keyword And Ignore Error">
<doc>Runs the given keyword with the given arguments and ignores possible error.</doc>
<arguments>
<arg>Assert That Image Should Exist</arg>
<arg>${UPDATECHECKER_BACKGROUND}</arg>
<arg>${IMAGE_RECOGNITION_SENSITIVITY}</arg>
</arguments>
<msg level="TRACE" timestamp="20151007 14:31:09.826">Arguments: [ 'Assert That Image Should Exist' | '${UPDATECHECKER_BACKGROUND}' | '${IMAGE_RECOGNITION_SENSITIVITY}' ]</msg>
<kw library="sikuli_keywords" name="Assert That Image Should Exist">
<arguments>
<arg>${UPDATECHECKER_BACKGROUND}</arg>
<arg>${IMAGE_RECOGNITION_SENSITIVITY}</arg>
</arguments>
<msg level="TRACE" timestamp="20151007 14:31:09.853">Arguments: [ ${p_image}='Common/UpdateChecker/UPDATECHECKER_BACKGROUND.png' | ${p_imageRecognitionSensitivity}='0.68' ]</msg>
<kw library="sikulilibrary.SikuliMethods" name="Assert Image Exists">
<arguments>
<arg>${p_image}</arg>
<arg>${p_imageRecognitionSensitivity}</arg>
</arguments>
<msg level="TRACE" timestamp="20151007 14:31:10.124">Arguments: [ 'Common/UpdateChecker/UPDATECHECKER_BACKGROUND.png' | '0.68' ]</msg>
<msg level="INFO" timestamp="20151007 14:31:11.579">PASS: UI matched with reference image:'Common/UpdateChecker/UPDATECHECKER_BACKGROUND.png'.</msg>
<msg level="TRACE" timestamp="20151007 14:31:11.582">Return: None</msg>
<status endtime="20151007 14:31:11.582" starttime="20151007 14:31:10.122" status="PASS"></status>
</kw>
<msg level="TRACE" timestamp="20151007 14:31:11.583">Return: None</msg>
<status endtime="20151007 14:31:11.583" starttime="20151007 14:31:09.844" status="PASS"></status>
</kw>
<msg level="TRACE" timestamp="20151007 14:31:11.583">Return: (b'PASS', None)</msg>
<status endtime="20151007 14:31:11.591" starttime="20151007 14:31:09.823" status="PASS"></status>
</kw>
<kw library="BuiltIn" name="Run Keyword And Ignore Error">
<doc>Runs the given keyword with the given arguments and ignores possible error.</doc>
<arguments>
<arg>Assert That Image Should Exist</arg>
<arg>${UPDATECHECKER_STATUS}</arg>
<arg>${IMAGE_RECOGNITION_SENSITIVITY}</arg>
</arguments>
<msg level="TRACE" timestamp="20151007 14:31:11.593">Arguments: [ 'Assert That Image Should Exist' | '${UPDATECHECKER_STATUS}' | '${IMAGE_RECOGNITION_SENSITIVITY}' ]</msg>
<kw library="sikuli_keywords" name="Assert That Image Should Exist">
<arguments>
<arg>${UPDATECHECKER_STATUS}</arg>
<arg>${IMAGE_RECOGNITION_SENSITIVITY}</arg>
</arguments>
<msg level="TRACE" timestamp="20151007 14:31:11.603">Arguments: [ ${p_image}='Common/UpdateChecker/UPDATECHECKER_STATUS.png' | ${p_imageRecognitionSensitivity}='0.68' ]</msg>
<kw library="sikulilibrary.SikuliMethods" name="Assert Image Exists">
<arguments>
<arg>${p_image}</arg>
<arg>${p_imageRecognitionSensitivity}</arg>
</arguments>
<msg level="TRACE" timestamp="20151007 14:31:11.606">Arguments: [ 'Common/UpdateChecker/UPDATECHECKER_STATUS.png' | '0.68' ]</msg>
<msg level="INFO" timestamp="20151007 14:31:11.734">PASS: UI matched with reference image:'Common/UpdateChecker/UPDATECHECKER_STATUS.png'.</msg>
<msg level="TRACE" timestamp="20151007 14:31:11.735">Return: None</msg>
<status endtime="20151007 14:31:11.735" starttime="20151007 14:31:11.605" status="PASS"></status>
</kw>
<msg level="TRACE" timestamp="20151007 14:31:11.736">Return: None</msg>
<status endtime="20151007 14:31:11.736" starttime="20151007 14:31:11.596" status="PASS"></status>
</kw>
<msg level="TRACE" timestamp="20151007 14:31:11.737">Return: (b'PASS', None)</msg>
<status endtime="20151007 14:31:11.740" starttime="20151007 14:31:11.592" status="PASS"></status>
</kw>
<msg level="TRACE" timestamp="20151007 14:31:11.741">Return: None</msg>
<status endtime="20151007 14:31:11.753" starttime="20151007 14:31:08.767" status="PASS"></status>
</kw>
<kw library="desktopapp_login_page" name="When User Is In Desktop App Login Page">
<msg level="TRACE" timestamp="20151007 14:31:11.762">Arguments: [  ]</msg>
<kw library="sikuli_keywords" name="Set Application Focus">
<arguments>
<arg>${FREELANCER_DESKTOPAPP_NAME}</arg>
</arguments>
<msg level="TRACE" timestamp="20151007 14:31:11.767">Arguments: [ ${g_APPLICATION_NAME}='Freelancer Desktop App' ]</msg>
<kw library="sikulilibrary.SikuliMethods" name="Set App Focus">
<arguments>
<arg>${g_APPLICATION_NAME}</arg>
</arguments>
<msg level="TRACE" timestamp="20151007 14:31:11.774">Arguments: [ 'Freelancer Desktop App' ]</msg>
<msg level="INFO" timestamp="20151007 14:31:11.780">[log] App.focus:  [2132:Freelancer]</msg>
<msg level="TRACE" timestamp="20151007 14:31:11.780">Return: None</msg>
<status endtime="20151007 14:31:11.787" starttime="20151007 14:31:11.772" status="PASS"></status>
</kw>
<msg level="TRACE" timestamp="20151007 14:31:11.788">Return: None</msg>
<status endtime="20151007 14:31:11.788" starttime="20151007 14:31:11.763" status="PASS"></status>
</kw>
<kw library="sikuli_keywords" name="Wait For Image To Appear">
<arguments>
<arg>${DESKTOPAPP_LOGIN_PAGE}</arg>
<arg>${IMAGE_RECOGNITION_SENSITIVITY}</arg>
<arg>${TIMEOUT}</arg>
</arguments>
<msg level="TRACE" timestamp="20151007 14:31:11.796">Arguments: [ ${p_image}='Common/LoginPage/LOGIN_DEFAULT_LOGINPAGE.png' | ${p_imageRecognitionSensitivity}='0.68' | ${p_seconds}='20' ]</msg>
<kw library="sikulilibrary.SikuliMethods" name="Wait For Image To Be Visible">
<arguments>
<arg>${p_image}</arg>
<arg>${p_imageRecognitionSensitivity}</arg>
<arg>${p_seconds}</arg>
</arguments>
<msg level="TRACE" timestamp="20151007 14:31:11.812">Arguments: [ 'Common/LoginPage/LOGIN_DEFAULT_LOGINPAGE.png' | '0.68' | '20' ]</msg>
<msg level="TRACE" timestamp="20151007 14:31:16.563">Return: None</msg>
<status endtime="20151007 14:31:16.567" starttime="20151007 14:31:11.798" status="PASS"></status>
</kw>
<msg level="TRACE" timestamp="20151007 14:31:16.568">Return: None</msg>
<status endtime="20151007 14:31:16.569" starttime="20151007 14:31:11.789" status="PASS"></status>
</kw>
<kw library="sikuli_keywords" name="Assert That Image Should Exist">
<arguments>
<arg>${DESKTOPAPP_LOGIN_PAGE}</arg>
<arg>${IMAGE_RECOGNITION_SENSITIVITY}</arg>
</arguments>
<msg level="TRACE" timestamp="20151007 14:31:16.572">Arguments: [ ${p_image}='Common/LoginPage/LOGIN_DEFAULT_LOGINPAGE.png' | ${p_imageRecognitionSensitivity}='0.68' ]</msg>
<kw library="sikulilibrary.SikuliMethods" name="Assert Image Exists">
<arguments>
<arg>${p_image}</arg>
<arg>${p_imageRecognitionSensitivity}</arg>
</arguments>
<msg level="TRACE" timestamp="20151007 14:31:16.574">Arguments: [ 'Common/LoginPage/LOGIN_DEFAULT_LOGINPAGE.png' | '0.68' ]</msg>
<msg level="INFO" timestamp="20151007 14:31:16.670">PASS: UI matched with reference image:'Common/LoginPage/LOGIN_DEFAULT_LOGINPAGE.png'.</msg>
<msg level="TRACE" timestamp="20151007 14:31:16.671">Return: None</msg>
<status endtime="20151007 14:31:16.672" starttime="20151007 14:31:16.573" status="PASS"></status>
</kw>
<msg level="TRACE" timestamp="20151007 14:31:16.677">Return: None</msg>
<status endtime="20151007 14:31:16.679" starttime="20151007 14:31:16.569" status="PASS"></status>
</kw>
<msg level="TRACE" timestamp="20151007 14:31:16.681">Return: None</msg>
<status endtime="20151007 14:31:16.681" starttime="20151007 14:31:11.755" status="PASS"></status>
</kw>
<kw library="desktopapp_login_page" name="And User Logs In With &quot;${FREELANCER_TEST_EMAIL}&quot; And &quot;${FREELANCER_TEST_PASSWORD}&quot;">
<msg level="TRACE" timestamp="20151007 14:31:16.687">Arguments: [  ]</msg>
<kw library="desktopapp_login_page" name="User Inputs Username &quot;${tc_USER_NAME}&quot;">
<msg level="TRACE" timestamp="20151007 14:31:16.689">Arguments: [  ]</msg>
<kw library="desktopapp_global_helper" name="User Inputs String &quot;${t_userName}&quot; in &quot;${DESKTOPAPP_USERNAME_FIELD}&quot; Field">
<msg level="TRACE" timestamp="20151007 14:31:16.696">Arguments: [  ]</msg>
<kw library="sikuli_keywords" name="Wait For Image To Appear">
<arguments>
<arg>${t_field}</arg>
<arg>${IMAGE_RECOGNITION_SENSITIVITY}</arg>
<arg>${TIMEOUT}</arg>
</arguments>
<msg level="TRACE" timestamp="20151007 14:31:16.698">Arguments: [ ${p_image}='Common/LoginPage/LOGIN_USERNAME_FIELD.png' | ${p_imageRecognitionSensitivity}='0.68' | ${p_seconds}='20' ]</msg>
<kw library="sikulilibrary.SikuliMethods" name="Wait For Image To Be Visible">
<arguments>
<arg>${p_image}</arg>
<arg>${p_imageRecognitionSensitivity}</arg>
<arg>${p_seconds}</arg>
</arguments>
<msg level="TRACE" timestamp="20151007 14:31:16.921">Arguments: [ 'Common/LoginPage/LOGIN_USERNAME_FIELD.png' | '0.68' | '20' ]</msg>
<msg level="TRACE" timestamp="20151007 14:31:17.979">Return: None</msg>
<status endtime="20151007 14:31:17.981" starttime="20151007 14:31:16.700" status="PASS"></status>
</kw>
<msg level="TRACE" timestamp="20151007 14:31:17.982">Return: None</msg>
<status endtime="20151007 14:31:17.982" starttime="20151007 14:31:16.697" status="PASS"></status>
</kw>
<kw library="sikuli_keywords" name="Input Strings In Image XY Coordinates">
<arguments>
<arg>${t_field}</arg>
<arg>${IMAGE_RECOGNITION_SENSITIVITY}</arg>
<arg>0</arg>
<arg>0</arg>
<arg>${t_string}</arg>
</arguments>
<msg level="TRACE" timestamp="20151007 14:31:17.997">Arguments: [ ${p_image}='Common/LoginPage/LOGIN_USERNAME_FIELD.png' | ${p_imageRecognitionSensitivity}='0.68' | ${p_xOffset}='0' | ${p_yOffset}='0' | ${p_String}='fagunday@freelancer.com' ]</msg>
<kw library="sikulilibrary.SikuliMethods" name="Type Text Inside Image XY">
<arguments>
<arg>${p_image}</arg>
<arg>${p_imageRecognitionSensitivity}</arg>
<arg>${p_xOffset}</arg>
<arg>${p_yOffset}</arg>
<arg>${p_String}</arg>
</arguments>
<msg level="TRACE" timestamp="20151007 14:31:18.006">Arguments: [ 'Common/LoginPage/LOGIN_USERNAME_FIELD.png' | '0.68' | '0' | '0' | 'fagunday@freelancer.com' ]</msg>
<msg level="INFO" timestamp="20151007 14:31:19.765">PASS: UI load successful. Reference image:'Common/LoginPage/LOGIN_USERNAME_FIELD.png'.
[log] CLICK on L(576,366)@S(0)[0,0 1152x864]
[log]  TYPE "fagunday@freelancer.com"</msg>
<msg level="TRACE" timestamp="20151007 14:31:19.770">Return: None</msg>
<status endtime="20151007 14:31:19.771" starttime="20151007 14:31:18.002" status="PASS"></status>
</kw>
<msg level="TRACE" timestamp="20151007 14:31:19.772">Return: None</msg>
<status endtime="20151007 14:31:19.773" starttime="20151007 14:31:17.985" status="PASS"></status>
</kw>
<msg level="TRACE" timestamp="20151007 14:31:19.775">Return: None</msg>
<status endtime="20151007 14:31:19.777" starttime="20151007 14:31:16.693" status="PASS"></status>
</kw>
<msg level="TRACE" timestamp="20151007 14:31:19.777">Return: None</msg>
<status endtime="20151007 14:31:19.778" starttime="20151007 14:31:16.688" status="PASS"></status>
</kw>
<kw library="desktopapp_login_page" name="User Inputs Password&quot;${tc_USER_PASSWORD}&quot;">
<msg level="TRACE" timestamp="20151007 14:31:19.841">Arguments: [  ]</msg>
<kw library="desktopapp_global_helper" name="User Inputs String &quot;${t_userPassword}&quot; in &quot;${DESKTOPAPP_PASSWORD_FIELD}&quot; Field">
<msg level="TRACE" timestamp="20151007 14:31:19.918">Arguments: [  ]</msg>
<kw library="sikuli_keywords" name="Wait For Image To Appear">
<arguments>
<arg>${t_field}</arg>
<arg>${IMAGE_RECOGNITION_SENSITIVITY}</arg>
<arg>${TIMEOUT}</arg>
</arguments>
<msg level="TRACE" timestamp="20151007 14:31:20.005">Arguments: [ ${p_image}='Common/LoginPage/LOGIN_PASSWORD_FIELD.png' | ${p_imageRecognitionSensitivity}='0.68' | ${p_seconds}='20' ]</msg>
<kw library="sikulilibrary.SikuliMethods" name="Wait For Image To Be Visible">
<arguments>
<arg>${p_image}</arg>
<arg>${p_imageRecognitionSensitivity}</arg>
<arg>${p_seconds}</arg>
</arguments>
<msg level="TRACE" timestamp="20151007 14:31:20.009">Arguments: [ 'Common/LoginPage/LOGIN_PASSWORD_FIELD.png' | '0.68' | '20' ]</msg>
<msg level="TRACE" timestamp="20151007 14:31:20.166">Return: None</msg>
<status endtime="20151007 14:31:20.167" starttime="20151007 14:31:20.008" status="PASS"></status>
</kw>
<msg level="TRACE" timestamp="20151007 14:31:20.169">Return: None</msg>
<status endtime="20151007 14:31:20.182" starttime="20151007 14:31:20.003" status="PASS"></status>
</kw>
<kw library="sikuli_keywords" name="Input Strings In Image XY Coordinates">
<arguments>
<arg>${t_field}</arg>
<arg>${IMAGE_RECOGNITION_SENSITIVITY}</arg>
<arg>0</arg>
<arg>0</arg>
<arg>${t_string}</arg>
</arguments>
<msg level="TRACE" timestamp="20151007 14:31:20.190">Arguments: [ ${p_image}='Common/LoginPage/LOGIN_PASSWORD_FIELD.png' | ${p_imageRecognitionSensitivity}='0.68' | ${p_xOffset}='0' | ${p_yOffset}='0' | ${p_String}='PSalm23$$$' ]</msg>
<kw library="sikulilibrary.SikuliMethods" name="Type Text Inside Image XY">
<arguments>
<arg>${p_image}</arg>
<arg>${p_imageRecognitionSensitivity}</arg>
<arg>${p_xOffset}</arg>
<arg>${p_yOffset}</arg>
<arg>${p_String}</arg>
</arguments>
<msg level="TRACE" timestamp="20151007 14:31:20.304">Arguments: [ 'Common/LoginPage/LOGIN_PASSWORD_FIELD.png' | '0.68' | '0' | '0' | 'PSalm23$$$' ]</msg>
<msg level="INFO" timestamp="20151007 14:31:21.652">PASS: UI load successful. Reference image:'Common/LoginPage/LOGIN_PASSWORD_FIELD.png'.
[log] CLICK on L(576,419)@S(0)[0,0 1152x864]
[log]  TYPE "PSalm23$$$"</msg>
<msg level="TRACE" timestamp="20151007 14:31:21.652">Return: None</msg>
<status endtime="20151007 14:31:21.657" starttime="20151007 14:31:20.293" status="PASS"></status>
</kw>
<msg level="TRACE" timestamp="20151007 14:31:21.657">Return: None</msg>
<status endtime="20151007 14:31:21.659" starttime="20151007 14:31:20.183" status="PASS"></status>
</kw>
<msg level="TRACE" timestamp="20151007 14:31:21.659">Return: None</msg>
<status endtime="20151007 14:31:21.659" starttime="20151007 14:31:19.916" status="PASS"></status>
</kw>
<msg level="TRACE" timestamp="20151007 14:31:21.660">Return: None</msg>
<status endtime="20151007 14:31:21.660" starttime="20151007 14:31:19.779" status="PASS"></status>
</kw>
<kw library="desktopapp_global_helper" name="User Clicks &quot;${DESKTOPAPP_LOGIN_BUTTON}&quot;">
<msg level="TRACE" timestamp="20151007 14:31:21.664">Arguments: [  ]</msg>
<kw library="sikuli_keywords" name="Wait For Image To Appear">
<arguments>
<arg>${t_UI}</arg>
<arg>${IMAGE_RECOGNITION_SENSITIVITY}</arg>
<arg>${TIMEOUT}</arg>
</arguments>
<msg level="TRACE" timestamp="20151007 14:31:21.669">Arguments: [ ${p_image}='Common/LoginPage/LOGIN_LOGIN_BUTTON.png' | ${p_imageRecognitionSensitivity}='0.68' | ${p_seconds}='20' ]</msg>
<kw library="sikulilibrary.SikuliMethods" name="Wait For Image To Be Visible">
<arguments>
<arg>${p_image}</arg>
<arg>${p_imageRecognitionSensitivity}</arg>
<arg>${p_seconds}</arg>
</arguments>
<msg level="TRACE" timestamp="20151007 14:31:21.672">Arguments: [ 'Common/LoginPage/LOGIN_LOGIN_BUTTON.png' | '0.68' | '20' ]</msg>
<msg level="TRACE" timestamp="20151007 14:31:21.783">Return: None</msg>
<status endtime="20151007 14:31:21.783" starttime="20151007 14:31:21.671" status="PASS"></status>
</kw>
<msg level="TRACE" timestamp="20151007 14:31:21.784">Return: None</msg>
<status endtime="20151007 14:31:21.784" starttime="20151007 14:31:21.665" status="PASS"></status>
</kw>
<kw library="sikuli_keywords" name="Click Application Image">
<arguments>
<arg>${t_UI}</arg>
<arg>${IMAGE_RECOGNITION_SENSITIVITY}</arg>
</arguments>
<msg level="TRACE" timestamp="20151007 14:31:21.787">Arguments: [ ${p_image}='Common/LoginPage/LOGIN_LOGIN_BUTTON.png' | ${p_imageRecognitionSensitivity}='0.68' ]</msg>
<kw library="sikulilibrary.SikuliMethods" name="Click Image">
<arguments>
<arg>${p_image}</arg>
<arg>${p_imageRecognitionSensitivity}</arg>
</arguments>
<msg level="TRACE" timestamp="20151007 14:31:21.791">Arguments: [ 'Common/LoginPage/LOGIN_LOGIN_BUTTON.png' | '0.68' ]</msg>
<msg level="INFO" timestamp="20151007 14:31:22.589">PASS: UI load successful. Reference image:'Common/LoginPage/LOGIN_LOGIN_BUTTON.png'.
[log] CLICK on L(576,483)@S(0)[0,0 1152x864]</msg>
<msg level="TRACE" timestamp="20151007 14:31:22.590">Return: None</msg>
<status endtime="20151007 14:31:22.590" starttime="20151007 14:31:21.790" status="PASS"></status>
</kw>
<msg level="TRACE" timestamp="20151007 14:31:22.592">Return: None</msg>
<status endtime="20151007 14:31:22.592" starttime="20151007 14:31:21.786" status="PASS"></status>
</kw>
<msg level="TRACE" timestamp="20151007 14:31:22.592">Return: None</msg>
<status endtime="20151007 14:31:22.600" starttime="20151007 14:31:21.662" status="PASS"></status>
</kw>
<msg level="TRACE" timestamp="20151007 14:31:22.600">Return: None</msg>
<status endtime="20151007 14:31:22.601" starttime="20151007 14:31:16.684" status="PASS"></status>
</kw>
<kw library="desktopapp_login_page" name="Then User Should Be Logged In Successfully">
<msg level="TRACE" timestamp="20151007 14:31:22.604">Arguments: [  ]</msg>
<kw library="desktopapp_global_helper" name="Wait And Assert That &quot;${USERHOMEPAGE_ZEROCURRENTWORK_PAGE}&quot; Is Visible">
<msg level="TRACE" timestamp="20151007 14:31:22.606">Arguments: [  ]</msg>
<kw library="sikuli_keywords" name="Wait For Image To Appear">
<arguments>
<arg>${t_image}</arg>
<arg>${IMAGE_RECOGNITION_SENSITIVITY}</arg>
<arg>${TIMEOUT}</arg>
</arguments>
<msg level="TRACE" timestamp="20151007 14:31:22.609">Arguments: [ ${p_image}='Common/UserHomePage/USERHOMEPAGE_DEFAULT_ZEROCURRENTWORK.png' | ${p_imageRecognitionSensitivity}='0.68' | ${p_seconds}='20' ]</msg>
<kw library="sikulilibrary.SikuliMethods" name="Wait For Image To Be Visible">
<arguments>
<arg>${p_image}</arg>
<arg>${p_imageRecognitionSensitivity}</arg>
<arg>${p_seconds}</arg>
</arguments>
<msg level="TRACE" timestamp="20151007 14:31:22.614">Arguments: [ 'Common/UserHomePage/USERHOMEPAGE_DEFAULT_ZEROCURRENTWORK.png' | '0.68' | '20' ]</msg>
<msg level="INFO" html="yes" timestamp="20151007 14:31:43.606">Screenshot:  &lt;img src="logs/screenshots/screenshot_2015-10-07_14-31-43.png" width=500 /&gt;</msg>
<msg level="FAIL" timestamp="20151007 14:31:43.611">VerificationFailed: No matching UI detected on screen or 'Common/UserHomePage/USERHOMEPAGE_DEFAULT_ZEROCURRENTWORK.png' does not exist.</msg>
<msg level="DEBUG" timestamp="20151007 14:31:43.612">Traceback (most recent call last):
  File "C:\Workspace\Collaboration\Resources\Library\sikulilibrary.sikuli\sikulilibrary.py", line 299, in waitForImageToBeVisible
    self.log.failed("No matching UI detected on screen or '%s' does not exist." % (args[0],))
  File "C:\Workspace\Collaboration\Resources\Library\sikulilibrary.sikuli\logger.py", line 64, in failed
    raise common.VerificationFailed(msg)</msg>
<status endtime="20151007 14:31:43.612" starttime="20151007 14:31:22.611" status="FAIL"></status>
</kw>
<status endtime="20151007 14:31:43.613" starttime="20151007 14:31:22.607" status="FAIL"></status>
</kw>
<status endtime="20151007 14:31:43.615" starttime="20151007 14:31:22.605" status="FAIL"></status>
</kw>
<status endtime="20151007 14:31:43.616" starttime="20151007 14:31:22.603" status="FAIL"></status>
</kw>
<kw type="teardown" library="sikuli_keywords" name="Close Application">
<arguments>
<arg>Freelancer Desktop App</arg>
</arguments>
<msg level="TRACE" timestamp="20151007 14:31:43.620">Arguments: [ ${g_APPLICATION_NAME}='Freelancer Desktop App' ]</msg>
<kw library="sikulilibrary.SikuliMethods" name="Terminate App">
<arguments>
<arg>${g_APPLICATION_NAME}</arg>
</arguments>
<msg level="TRACE" timestamp="20151007 14:31:43.622">Arguments: [ 'Freelancer Desktop App' ]</msg>
<msg level="INFO" timestamp="20151007 14:31:43.805">[log] App.close: [2528:freelancer-desktop-app.exe]</msg>
<msg level="TRACE" timestamp="20151007 14:31:43.806">Return: None</msg>
<status endtime="20151007 14:31:43.806" starttime="20151007 14:31:43.621" status="PASS"></status>
</kw>
<msg level="TRACE" timestamp="20151007 14:31:43.806">Return: None</msg>
<status endtime="20151007 14:31:43.807" starttime="20151007 14:31:43.618" status="PASS"></status>
</kw>
<tags>
<tag>LoginLogoutFunctionalityTest</tag>
</tags>
<status critical="yes" endtime="20151007 14:31:43.807" starttime="20151007 14:31:08.024" status="FAIL">VerificationFailed: No matching UI detected on screen or 'Common/UserHomePage/USERHOMEPAGE_DEFAULT_ZEROCURRENTWORK.png' does not exist.</status>
</test>
<test name="User Should Successfully Login To The Windows Desktop App Via Facebook Login" id="s1-s1-s1-t2">
<kw type="setup" library="sikuli_keywords" name="Set Default Image Library Path">
<arguments>
<arg>${FREELANCER_DESKTOPAPP_IMAGELIBRARY}</arg>
</arguments>
<msg level="TRACE" timestamp="20151007 14:31:43.813">Arguments: [ ${p_imageLibraryPath}='C:/Collaboration/Resources/Library/ImagesLibrary' ]</msg>
<kw library="sikulilibrary.SikuliMethods" name="Set Image Library Path">
<arguments>
<arg>${p_imageLibraryPath}</arg>
</arguments>
<msg level="TRACE" timestamp="20151007 14:31:43.814">Arguments: [ 'C:/Collaboration/Resources/Library/ImagesLibrary' ]</msg>
<msg level="TRACE" timestamp="20151007 14:31:43.815">Return: None</msg>
<status endtime="20151007 14:31:43.816" starttime="20151007 14:31:43.814" status="PASS"></status>
</kw>
<msg level="TRACE" timestamp="20151007 14:31:43.816">Return: None</msg>
<status endtime="20151007 14:31:43.816" starttime="20151007 14:31:43.811" status="PASS"></status>
</kw>
<kw library="desktop_install_uninstall_dialog" name="Given The &quot;Windows&quot; Desktop App Is Installed">
<msg level="TRACE" timestamp="20151007 14:31:43.820">Arguments: [  ]</msg>
<kw library="desktop_install_uninstall_dialog" name="The &quot;${tc_OS}&quot; Desktop App Installer Should Be Successfully Installed">
<msg level="TRACE" timestamp="20151007 14:31:43.821">Arguments: [  ]</msg>
<kw library="BuiltIn" name="Run Keyword If">
<doc>Runs the given keyword with the given arguments, if ``condition`` is true.</doc>
<arguments>
<arg>'${tc_OS}' == 'Windows'</arg>
<arg>Verify If Freelancer Desktop App Is Installed in Windows</arg>
</arguments>
<msg level="TRACE" timestamp="20151007 14:31:43.823">Arguments: [ "'Windows' == 'Windows'" | 'Verify If Freelancer Desktop App Is Installed in Windows' ]</msg>
<kw library="desktop_install_uninstall_dialog" name="Verify If Freelancer Desktop App Is Installed in Windows">
<msg level="TRACE" timestamp="20151007 14:31:43.829">Arguments: [  ]</msg>
<kw library="OperatingSystem" name="Directory Should Not Be Empty">
<doc>Fails if the specified directory is empty.</doc>
<arguments>
<arg>${WINDOWS_APPLICATION_INSTALLATION_DIRECTORY}</arg>
</arguments>
<msg level="TRACE" timestamp="20151007 14:31:43.842">Arguments: [ 'C:/Program Files (x86)/Freelancer.com/Freelancer Desktop App' ]</msg>
<msg level="INFO" html="yes" timestamp="20151007 14:31:43.844">Listing contents of directory '&lt;a href="file://C:\Program Files (x86)\Freelancer.com\Freelancer Desktop App"&gt;C:\Program Files (x86)\Freelancer.com\Freelancer Desktop App&lt;/a&gt;'.</msg>
<msg level="INFO" html="yes" timestamp="20151007 14:31:43.846">Directory '&lt;a href="file://C:\Program Files (x86)\Freelancer.com\Freelancer Desktop App"&gt;C:\Program Files (x86)\Freelancer.com\Freelancer Desktop App&lt;/a&gt;' contains 11 items.</msg>
<msg level="TRACE" timestamp="20151007 14:31:43.847">Return: None</msg>
<status endtime="20151007 14:31:43.848" starttime="20151007 14:31:43.830" status="PASS"></status>
</kw>
<kw library="OperatingSystem" name="File Should Exist">
<doc>Fails unless the given ``path`` points to an existing file.</doc>
<arguments>
<arg>${WINDOWS_APPLICATION_INSTALLATION_DIRECTORY}/${WINDOWS_DESKTOPAPP_EXECUTABLE}</arg>
</arguments>
<msg level="TRACE" timestamp="20151007 14:31:43.854">Arguments: [ 'C:/Program Files (x86)/Freelancer.com/Freelancer Desktop App/freelancer-desktop-app.exe' ]</msg>
<msg level="INFO" html="yes" timestamp="20151007 14:31:43.856">File '&lt;a href="file://C:\Program Files (x86)\Freelancer.com\Freelancer Desktop App\freelancer-desktop-app.exe"&gt;C:\Program Files (x86)\Freelancer.com\Freelancer Desktop App\freelancer-desktop-app.exe&lt;/a&gt;' exists</msg>
<msg level="TRACE" timestamp="20151007 14:31:43.856">Return: None</msg>
<status endtime="20151007 14:31:43.856" starttime="20151007 14:31:43.852" status="PASS"></status>
</kw>
<msg level="TRACE" timestamp="20151007 14:31:43.857">Return: None</msg>
<status endtime="20151007 14:31:43.857" starttime="20151007 14:31:43.828" status="PASS"></status>
</kw>
<msg level="TRACE" timestamp="20151007 14:31:43.857">Return: None</msg>
<status endtime="20151007 14:31:43.858" starttime="20151007 14:31:43.822" status="PASS"></status>
</kw>
<msg level="TRACE" timestamp="20151007 14:31:43.858">Return: None</msg>
<status endtime="20151007 14:31:43.859" starttime="20151007 14:31:43.820" status="PASS"></status>
</kw>
<msg level="TRACE" timestamp="20151007 14:31:43.859">Return: None</msg>
<status endtime="20151007 14:31:43.860" starttime="20151007 14:31:43.818" status="PASS"></status>
</kw>
<kw library="desktopapp_login_page" name="When User Runs the &quot;Windows&quot; Desktop App">
<msg level="TRACE" timestamp="20151007 14:31:43.863">Arguments: [  ]</msg>
<kw library="BuiltIn" name="Run Keyword If">
<doc>Runs the given keyword with the given arguments, if ``condition`` is true.</doc>
<arguments>
<arg>'${tc_OS}' == 'Windows'</arg>
<arg>Start Application</arg>
<arg>${WINDOWS_APPLICATION_INSTALLATION_DIRECTORY}/${WINDOWS_DESKTOPAPP_EXECUTABLE}</arg>
</arguments>
<msg level="TRACE" timestamp="20151007 14:31:43.870">Arguments: [ "'Windows' == 'Windows'" | 'Start Application' | '${WINDOWS_APPLICATION_INSTALLATION_DIRECTORY}/${WINDOWS_DESKTOPAPP_EXECUTABLE}' ]</msg>
<kw library="sikuli_keywords" name="Start Application">
<arguments>
<arg>${WINDOWS_APPLICATION_INSTALLATION_DIRECTORY}/${WINDOWS_DESKTOPAPP_EXECUTABLE}</arg>
</arguments>
<msg level="TRACE" timestamp="20151007 14:31:43.947">Arguments: [ ${g_APPLICATION_PATH}='C:/Program Files (x86)/Freelancer.com/Freelancer Desktop App/freelancer-desktop-app.exe' ]</msg>
<kw library="sikulilibrary.SikuliMethods" name="Start App">
<arguments>
<arg>${g_APPLICATION_PATH}</arg>
</arguments>
<msg level="TRACE" timestamp="20151007 14:31:43.950">Arguments: [ 'C:/Program Files (x86)/Freelancer.com/Freelancer Desktop App/freelancer-desktop-app.exe' ]</msg>
<msg level="INFO" timestamp="20151007 14:31:43.959">[log] App.open [1804:]</msg>
<msg level="TRACE" timestamp="20151007 14:31:43.959">Return: None</msg>
<status endtime="20151007 14:31:43.962" starttime="20151007 14:31:43.948" status="PASS"></status>
</kw>
<kw library="sikuli_keywords" name="Set Application Focus">
<arguments>
<arg>${FREELANCER_DESKTOPAPP_NAME}</arg>
</arguments>
<msg level="TRACE" timestamp="20151007 14:31:43.972">Arguments: [ ${g_APPLICATION_NAME}='Freelancer Desktop App' ]</msg>
<kw library="sikulilibrary.SikuliMethods" name="Set App Focus">
<arguments>
<arg>${g_APPLICATION_NAME}</arg>
</arguments>
<msg level="TRACE" timestamp="20151007 14:31:43.977">Arguments: [ 'Freelancer Desktop App' ]</msg>
<msg level="INFO" timestamp="20151007 14:31:43.978">[log] App.focus:  [0:Freelancer]</msg>
<msg level="TRACE" timestamp="20151007 14:31:43.979">Return: None</msg>
<status endtime="20151007 14:31:43.979" starttime="20151007 14:31:43.974" status="PASS"></status>
</kw>
<msg level="TRACE" timestamp="20151007 14:31:43.984">Return: None</msg>
<status endtime="20151007 14:31:43.985" starttime="20151007 14:31:43.964" status="PASS"></status>
</kw>
<msg level="TRACE" timestamp="20151007 14:31:43.989">Return: None</msg>
<status endtime="20151007 14:31:43.989" starttime="20151007 14:31:43.945" status="PASS"></status>
</kw>
<msg level="TRACE" timestamp="20151007 14:31:44.011">Return: None</msg>
<status endtime="20151007 14:31:44.013" starttime="20151007 14:31:43.863" status="PASS"></status>
</kw>
<msg level="TRACE" timestamp="20151007 14:31:44.014">Return: None</msg>
<status endtime="20151007 14:31:44.014" starttime="20151007 14:31:43.861" status="PASS"></status>
</kw>
<kw library="desktopapp_login_page" name="Then User Should Be Able To View The Update Checker">
<msg level="TRACE" timestamp="20151007 14:31:44.018">Arguments: [  ]</msg>
<kw library="sikuli_keywords" name="Wait In Seconds">
<arguments>
<arg>1</arg>
</arguments>
<msg level="TRACE" timestamp="20151007 14:31:44.022">Arguments: [ ${p_seconds}='1' ]</msg>
<kw library="sikulilibrary.SikuliMethods" name="Set Wait Value">
<arguments>
<arg>${p_seconds}</arg>
</arguments>
<msg level="TRACE" timestamp="20151007 14:31:44.025">Arguments: [ '1' ]</msg>
<msg level="TRACE" timestamp="20151007 14:31:45.040">Return: None</msg>
<status endtime="20151007 14:31:45.041" starttime="20151007 14:31:44.025" status="PASS"></status>
</kw>
<msg level="TRACE" timestamp="20151007 14:31:45.043">Return: None</msg>
<status endtime="20151007 14:31:45.044" starttime="20151007 14:31:44.018" status="PASS"></status>
</kw>
<kw library="BuiltIn" name="Run Keyword And Ignore Error">
<doc>Runs the given keyword with the given arguments and ignores possible error.</doc>
<arguments>
<arg>Assert That Image Should Exist</arg>
<arg>${UPDATECHECKER_BACKGROUND}</arg>
<arg>${IMAGE_RECOGNITION_SENSITIVITY}</arg>
</arguments>
<msg level="TRACE" timestamp="20151007 14:31:45.048">Arguments: [ 'Assert That Image Should Exist' | '${UPDATECHECKER_BACKGROUND}' | '${IMAGE_RECOGNITION_SENSITIVITY}' ]</msg>
<kw library="sikuli_keywords" name="Assert That Image Should Exist">
<arguments>
<arg>${UPDATECHECKER_BACKGROUND}</arg>
<arg>${IMAGE_RECOGNITION_SENSITIVITY}</arg>
</arguments>
<msg level="TRACE" timestamp="20151007 14:31:45.069">Arguments: [ ${p_image}='Common/UpdateChecker/UPDATECHECKER_BACKGROUND.png' | ${p_imageRecognitionSensitivity}='0.68' ]</msg>
<kw library="sikulilibrary.SikuliMethods" name="Assert Image Exists">
<arguments>
<arg>${p_image}</arg>
<arg>${p_imageRecognitionSensitivity}</arg>
</arguments>
<msg level="TRACE" timestamp="20151007 14:31:45.077">Arguments: [ 'Common/UpdateChecker/UPDATECHECKER_BACKGROUND.png' | '0.68' ]</msg>
<msg level="INFO" timestamp="20151007 14:31:46.346">PASS: UI matched with reference image:'Common/UpdateChecker/UPDATECHECKER_BACKGROUND.png'.</msg>
<msg level="TRACE" timestamp="20151007 14:31:46.347">Return: None</msg>
<status endtime="20151007 14:31:46.355" starttime="20151007 14:31:45.074" status="PASS"></status>
</kw>
<msg level="TRACE" timestamp="20151007 14:31:46.356">Return: None</msg>
<status endtime="20151007 14:31:46.357" starttime="20151007 14:31:45.064" status="PASS"></status>
</kw>
<msg level="TRACE" timestamp="20151007 14:31:46.357">Return: (b'PASS', None)</msg>
<status endtime="20151007 14:31:46.359" starttime="20151007 14:31:45.045" status="PASS"></status>
</kw>
<kw library="BuiltIn" name="Run Keyword And Ignore Error">
<doc>Runs the given keyword with the given arguments and ignores possible error.</doc>
<arguments>
<arg>Assert That Image Should Exist</arg>
<arg>${UPDATECHECKER_STATUS}</arg>
<arg>${IMAGE_RECOGNITION_SENSITIVITY}</arg>
</arguments>
<msg level="TRACE" timestamp="20151007 14:31:46.363">Arguments: [ 'Assert That Image Should Exist' | '${UPDATECHECKER_STATUS}' | '${IMAGE_RECOGNITION_SENSITIVITY}' ]</msg>
<kw library="sikuli_keywords" name="Assert That Image Should Exist">
<arguments>
<arg>${UPDATECHECKER_STATUS}</arg>
<arg>${IMAGE_RECOGNITION_SENSITIVITY}</arg>
</arguments>
<msg level="TRACE" timestamp="20151007 14:31:46.509">Arguments: [ ${p_image}='Common/UpdateChecker/UPDATECHECKER_STATUS.png' | ${p_imageRecognitionSensitivity}='0.68' ]</msg>
<kw library="sikulilibrary.SikuliMethods" name="Assert Image Exists">
<arguments>
<arg>${p_image}</arg>
<arg>${p_imageRecognitionSensitivity}</arg>
</arguments>
<msg level="TRACE" timestamp="20151007 14:31:46.547">Arguments: [ 'Common/UpdateChecker/UPDATECHECKER_STATUS.png' | '0.68' ]</msg>
<msg level="INFO" timestamp="20151007 14:31:46.563">PASS: UI matched with reference image:'Common/UpdateChecker/UPDATECHECKER_STATUS.png'.</msg>
<msg level="TRACE" timestamp="20151007 14:31:46.564">Return: None</msg>
<status endtime="20151007 14:31:46.564" starttime="20151007 14:31:46.540" status="PASS"></status>
</kw>
<msg level="TRACE" timestamp="20151007 14:31:46.564">Return: None</msg>
<status endtime="20151007 14:31:46.565" starttime="20151007 14:31:46.369" status="PASS"></status>
</kw>
<msg level="TRACE" timestamp="20151007 14:31:46.568">Return: (b'PASS', None)</msg>
<status endtime="20151007 14:31:46.568" starttime="20151007 14:31:46.359" status="PASS"></status>
</kw>
<msg level="TRACE" timestamp="20151007 14:31:46.603">Return: None</msg>
<status endtime="20151007 14:31:46.604" starttime="20151007 14:31:44.016" status="PASS"></status>
</kw>
<kw library="desktopapp_login_page" name="When User Is In Desktop App Login Page">
<msg level="TRACE" timestamp="20151007 14:31:46.607">Arguments: [  ]</msg>
<kw library="sikuli_keywords" name="Set Application Focus">
<arguments>
<arg>${FREELANCER_DESKTOPAPP_NAME}</arg>
</arguments>
<msg level="TRACE" timestamp="20151007 14:31:46.619">Arguments: [ ${g_APPLICATION_NAME}='Freelancer Desktop App' ]</msg>
<kw library="sikulilibrary.SikuliMethods" name="Set App Focus">
<arguments>
<arg>${g_APPLICATION_NAME}</arg>
</arguments>
<msg level="TRACE" timestamp="20151007 14:31:46.620">Arguments: [ 'Freelancer Desktop App' ]</msg>
<msg level="INFO" timestamp="20151007 14:31:46.621">[log] App.focus:  [1804:Freelancer]</msg>
<msg level="TRACE" timestamp="20151007 14:31:46.621">Return: None</msg>
<status endtime="20151007 14:31:46.623" starttime="20151007 14:31:46.620" status="PASS"></status>
</kw>
<msg level="TRACE" timestamp="20151007 14:31:46.623">Return: None</msg>
<status endtime="20151007 14:31:46.627" starttime="20151007 14:31:46.608" status="PASS"></status>
</kw>
<kw library="sikuli_keywords" name="Wait For Image To Appear">
<arguments>
<arg>${DESKTOPAPP_LOGIN_PAGE}</arg>
<arg>${IMAGE_RECOGNITION_SENSITIVITY}</arg>
<arg>${TIMEOUT}</arg>
</arguments>
<msg level="TRACE" timestamp="20151007 14:31:46.632">Arguments: [ ${p_image}='Common/LoginPage/LOGIN_DEFAULT_LOGINPAGE.png' | ${p_imageRecognitionSensitivity}='0.68' | ${p_seconds}='20' ]</msg>
<kw library="sikulilibrary.SikuliMethods" name="Wait For Image To Be Visible">
<arguments>
<arg>${p_image}</arg>
<arg>${p_imageRecognitionSensitivity}</arg>
<arg>${p_seconds}</arg>
</arguments>
<msg level="TRACE" timestamp="20151007 14:31:46.652">Arguments: [ 'Common/LoginPage/LOGIN_DEFAULT_LOGINPAGE.png' | '0.68' | '20' ]</msg>
<msg level="TRACE" timestamp="20151007 14:31:50.627">Return: None</msg>
<status endtime="20151007 14:31:50.629" starttime="20151007 14:31:46.650" status="PASS"></status>
</kw>
<msg level="TRACE" timestamp="20151007 14:31:50.630">Return: None</msg>
<status endtime="20151007 14:31:50.637" starttime="20151007 14:31:46.629" status="PASS"></status>
</kw>
<kw library="sikuli_keywords" name="Assert That Image Should Exist">
<arguments>
<arg>${DESKTOPAPP_LOGIN_PAGE}</arg>
<arg>${IMAGE_RECOGNITION_SENSITIVITY}</arg>
</arguments>
<msg level="TRACE" timestamp="20151007 14:31:50.639">Arguments: [ ${p_image}='Common/LoginPage/LOGIN_DEFAULT_LOGINPAGE.png' | ${p_imageRecognitionSensitivity}='0.68' ]</msg>
<kw library="sikulilibrary.SikuliMethods" name="Assert Image Exists">
<arguments>
<arg>${p_image}</arg>
<arg>${p_imageRecognitionSensitivity}</arg>
</arguments>
<msg level="TRACE" timestamp="20151007 14:31:50.642">Arguments: [ 'Common/LoginPage/LOGIN_DEFAULT_LOGINPAGE.png' | '0.68' ]</msg>
<msg level="INFO" timestamp="20151007 14:31:50.722">PASS: UI matched with reference image:'Common/LoginPage/LOGIN_DEFAULT_LOGINPAGE.png'.</msg>
<msg level="TRACE" timestamp="20151007 14:31:50.723">Return: None</msg>
<status endtime="20151007 14:31:50.723" starttime="20151007 14:31:50.641" status="PASS"></status>
</kw>
<msg level="TRACE" timestamp="20151007 14:31:50.723">Return: None</msg>
<status endtime="20151007 14:31:50.724" starttime="20151007 14:31:50.637" status="PASS"></status>
</kw>
<msg level="TRACE" timestamp="20151007 14:31:50.725">Return: None</msg>
<status endtime="20151007 14:31:50.725" starttime="20151007 14:31:46.606" status="PASS"></status>
</kw>
<kw library="desktopapp_login_page" name="And User Logs In With &quot;${FREELANCER_FBTEST_EMAIL}&quot; And &quot;${FREELANCER_FBTEST_PASSWORD}&quot; Via Facebook Login">
<msg level="TRACE" timestamp="20151007 14:31:50.731">Arguments: [  ]</msg>
<kw library="desktopapp_global_helper" name="User Clicks &quot;${DESKTOPAPP_FBLOGIN_BUTTON}&quot;">
<msg level="TRACE" timestamp="20151007 14:31:50.739">Arguments: [  ]</msg>
<kw library="sikuli_keywords" name="Wait For Image To Appear">
<arguments>
<arg>${t_UI}</arg>
<arg>${IMAGE_RECOGNITION_SENSITIVITY}</arg>
<arg>${TIMEOUT}</arg>
</arguments>
<msg level="TRACE" timestamp="20151007 14:31:50.741">Arguments: [ ${p_image}='Common/LoginPage/LOGIN_FBLOGIN_BUTTON.png' | ${p_imageRecognitionSensitivity}='0.68' | ${p_seconds}='20' ]</msg>
<kw library="sikulilibrary.SikuliMethods" name="Wait For Image To Be Visible">
<arguments>
<arg>${p_image}</arg>
<arg>${p_imageRecognitionSensitivity}</arg>
<arg>${p_seconds}</arg>
</arguments>
<msg level="TRACE" timestamp="20151007 14:31:50.749">Arguments: [ 'Common/LoginPage/LOGIN_FBLOGIN_BUTTON.png' | '0.68' | '20' ]</msg>
<msg level="TRACE" timestamp="20151007 14:31:50.854">Return: None</msg>
<status endtime="20151007 14:31:50.855" starttime="20151007 14:31:50.745" status="PASS"></status>
</kw>
<msg level="TRACE" timestamp="20151007 14:31:50.856">Return: None</msg>
<status endtime="20151007 14:31:50.856" starttime="20151007 14:31:50.740" status="PASS"></status>
</kw>
<kw library="sikuli_keywords" name="Click Application Image">
<arguments>
<arg>${t_UI}</arg>
<arg>${IMAGE_RECOGNITION_SENSITIVITY}</arg>
</arguments>
<msg level="TRACE" timestamp="20151007 14:31:50.858">Arguments: [ ${p_image}='Common/LoginPage/LOGIN_FBLOGIN_BUTTON.png' | ${p_imageRecognitionSensitivity}='0.68' ]</msg>
<kw library="sikulilibrary.SikuliMethods" name="Click Image">
<arguments>
<arg>${p_image}</arg>
<arg>${p_imageRecognitionSensitivity}</arg>
</arguments>
<msg level="TRACE" timestamp="20151007 14:31:50.861">Arguments: [ 'Common/LoginPage/LOGIN_FBLOGIN_BUTTON.png' | '0.68' ]</msg>
<msg level="INFO" timestamp="20151007 14:31:51.880">PASS: UI load successful. Reference image:'Common/LoginPage/LOGIN_FBLOGIN_BUTTON.png'.
[log] CLICK on L(575,261)@S(0)[0,0 1152x864]</msg>
<msg level="TRACE" timestamp="20151007 14:31:51.880">Return: None</msg>
<status endtime="20151007 14:31:51.881" starttime="20151007 14:31:50.860" status="PASS"></status>
</kw>
<msg level="TRACE" timestamp="20151007 14:31:51.881">Return: None</msg>
<status endtime="20151007 14:31:51.882" starttime="20151007 14:31:50.857" status="PASS"></status>
</kw>
<msg level="TRACE" timestamp="20151007 14:31:52.001">Return: None</msg>
<status endtime="20151007 14:31:52.002" starttime="20151007 14:31:50.732" status="PASS"></status>
</kw>
<kw library="desktopapp_login_page" name="User Inputs FB Username &quot;${tc_USER_NAME}&quot;">
<msg level="TRACE" timestamp="20151007 14:31:52.005">Arguments: [  ]</msg>
<kw library="desktopapp_global_helper" name="User Inputs String &quot;${t_userName}&quot; in &quot;${FBLOGIN_EMAILORPHONE_FIELD}&quot; Field">
<msg level="TRACE" timestamp="20151007 14:31:52.009">Arguments: [  ]</msg>
<kw library="sikuli_keywords" name="Wait For Image To Appear">
<arguments>
<arg>${t_field}</arg>
<arg>${IMAGE_RECOGNITION_SENSITIVITY}</arg>
<arg>${TIMEOUT}</arg>
</arguments>
<msg level="TRACE" timestamp="20151007 14:31:52.017">Arguments: [ ${p_image}='Common/FBLoginPage/FBLOGIN_EMAILORPHONE_FIELD.png' | ${p_imageRecognitionSensitivity}='0.68' | ${p_seconds}='20' ]</msg>
<kw library="sikulilibrary.SikuliMethods" name="Wait For Image To Be Visible">
<arguments>
<arg>${p_image}</arg>
<arg>${p_imageRecognitionSensitivity}</arg>
<arg>${p_seconds}</arg>
</arguments>
<msg level="TRACE" timestamp="20151007 14:31:52.023">Arguments: [ 'Common/FBLoginPage/FBLOGIN_EMAILORPHONE_FIELD.png' | '0.68' | '20' ]</msg>
<msg level="TRACE" timestamp="20151007 14:31:54.502">Return: None</msg>
<status endtime="20151007 14:31:54.505" starttime="20151007 14:31:52.018" status="PASS"></status>
</kw>
<msg level="TRACE" timestamp="20151007 14:31:54.518">Return: None</msg>
<status endtime="20151007 14:31:54.518" starttime="20151007 14:31:52.009" status="PASS"></status>
</kw>
<kw library="sikuli_keywords" name="Input Strings In Image XY Coordinates">
<arguments>
<arg>${t_field}</arg>
<arg>${IMAGE_RECOGNITION_SENSITIVITY}</arg>
<arg>0</arg>
<arg>0</arg>
<arg>${t_string}</arg>
</arguments>
<msg level="TRACE" timestamp="20151007 14:31:54.524">Arguments: [ ${p_image}='Common/FBLoginPage/FBLOGIN_EMAILORPHONE_FIELD.png' | ${p_imageRecognitionSensitivity}='0.68' | ${p_xOffset}='0' | ${p_yOffset}='0' | ${p_String}='thecrimsonhog@gmail.com' ]</msg>
<kw library="sikulilibrary.SikuliMethods" name="Type Text Inside Image XY">
<arguments>
<arg>${p_image}</arg>
<arg>${p_imageRecognitionSensitivity}</arg>
<arg>${p_xOffset}</arg>
<arg>${p_yOffset}</arg>
<arg>${p_String}</arg>
</arguments>
<msg level="TRACE" timestamp="20151007 14:31:54.530">Arguments: [ 'Common/FBLoginPage/FBLOGIN_EMAILORPHONE_FIELD.png' | '0.68' | '0' | '0' | 'thecrimsonhog@gmail.com' ]</msg>
<msg level="INFO" timestamp="20151007 14:31:56.420">PASS: UI load successful. Reference image:'Common/FBLoginPage/FBLOGIN_EMAILORPHONE_FIELD.png'.
[log] CLICK on L(541,292)@S(0)[0,0 1152x864]
[log]  TYPE "thecrimsonhog@gmail.com"</msg>
<msg level="TRACE" timestamp="20151007 14:31:56.424">Return: None</msg>
<status endtime="20151007 14:31:56.425" starttime="20151007 14:31:54.528" status="PASS"></status>
</kw>
<msg level="TRACE" timestamp="20151007 14:31:56.429">Return: None</msg>
<status endtime="20151007 14:31:56.429" starttime="20151007 14:31:54.520" status="PASS"></status>
</kw>
<msg level="TRACE" timestamp="20151007 14:31:56.430">Return: None</msg>
<status endtime="20151007 14:31:56.437" starttime="20151007 14:31:52.006" status="PASS"></status>
</kw>
<msg level="TRACE" timestamp="20151007 14:31:56.437">Return: None</msg>
<status endtime="20151007 14:31:56.438" starttime="20151007 14:31:52.005" status="PASS"></status>
</kw>
<kw library="desktopapp_login_page" name="User Inputs FB Password&quot;${tc_USER_PASSWORD}&quot;">
<msg level="TRACE" timestamp="20151007 14:31:56.476">Arguments: [  ]</msg>
<kw library="desktopapp_global_helper" name="User Inputs String &quot;${t_userPassword}&quot; in &quot;${FBLOGIN_PASSWORD_FIELD}&quot; Field">
<msg level="TRACE" timestamp="20151007 14:31:56.478">Arguments: [  ]</msg>
<kw library="sikuli_keywords" name="Wait For Image To Appear">
<arguments>
<arg>${t_field}</arg>
<arg>${IMAGE_RECOGNITION_SENSITIVITY}</arg>
<arg>${TIMEOUT}</arg>
</arguments>
<msg level="TRACE" timestamp="20151007 14:31:56.502">Arguments: [ ${p_image}='Common/FBLoginPage/FBLOGIN_PASSWORD_FIELD.png' | ${p_imageRecognitionSensitivity}='0.68' | ${p_seconds}='20' ]</msg>
<kw library="sikulilibrary.SikuliMethods" name="Wait For Image To Be Visible">
<arguments>
<arg>${p_image}</arg>
<arg>${p_imageRecognitionSensitivity}</arg>
<arg>${p_seconds}</arg>
</arguments>
<msg level="TRACE" timestamp="20151007 14:31:56.506">Arguments: [ 'Common/FBLoginPage/FBLOGIN_PASSWORD_FIELD.png' | '0.68' | '20' ]</msg>
<msg level="TRACE" timestamp="20151007 14:31:56.610">Return: None</msg>
<status endtime="20151007 14:31:56.614" starttime="20151007 14:31:56.505" status="PASS"></status>
</kw>
<msg level="TRACE" timestamp="20151007 14:31:56.617">Return: None</msg>
<status endtime="20151007 14:31:56.618" starttime="20151007 14:31:56.479" status="PASS"></status>
</kw>
<kw library="sikuli_keywords" name="Input Strings In Image XY Coordinates">
<arguments>
<arg>${t_field}</arg>
<arg>${IMAGE_RECOGNITION_SENSITIVITY}</arg>
<arg>0</arg>
<arg>0</arg>
<arg>${t_string}</arg>
</arguments>
<msg level="TRACE" timestamp="20151007 14:31:56.621">Arguments: [ ${p_image}='Common/FBLoginPage/FBLOGIN_PASSWORD_FIELD.png' | ${p_imageRecognitionSensitivity}='0.68' | ${p_xOffset}='0' | ${p_yOffset}='0' | ${p_String}='PSalm23$$$' ]</msg>
<kw library="sikulilibrary.SikuliMethods" name="Type Text Inside Image XY">
<arguments>
<arg>${p_image}</arg>
<arg>${p_imageRecognitionSensitivity}</arg>
<arg>${p_xOffset}</arg>
<arg>${p_yOffset}</arg>
<arg>${p_String}</arg>
</arguments>
<msg level="TRACE" timestamp="20151007 14:31:56.629">Arguments: [ 'Common/FBLoginPage/FBLOGIN_PASSWORD_FIELD.png' | '0.68' | '0' | '0' | 'PSalm23$$$' ]</msg>
<msg level="INFO" timestamp="20151007 14:31:57.926">PASS: UI load successful. Reference image:'Common/FBLoginPage/FBLOGIN_PASSWORD_FIELD.png'.
[log] CLICK on L(543,326)@S(0)[0,0 1152x864]
[log]  TYPE "PSalm23$$$"</msg>
<msg level="TRACE" timestamp="20151007 14:31:57.928">Return: None</msg>
<status endtime="20151007 14:31:57.928" starttime="20151007 14:31:56.623" status="PASS"></status>
</kw>
<msg level="TRACE" timestamp="20151007 14:31:57.928">Return: None</msg>
<status endtime="20151007 14:31:57.929" starttime="20151007 14:31:56.618" status="PASS"></status>
</kw>
<msg level="TRACE" timestamp="20151007 14:31:57.929">Return: None</msg>
<status endtime="20151007 14:31:57.930" starttime="20151007 14:31:56.477" status="PASS"></status>
</kw>
<msg level="TRACE" timestamp="20151007 14:31:57.930">Return: None</msg>
<status endtime="20151007 14:31:57.930" starttime="20151007 14:31:56.473" status="PASS"></status>
</kw>
<kw library="desktopapp_global_helper" name="User Clicks &quot;${FBLOGIN_LOGIN_BUTTON}&quot;">
<msg level="TRACE" timestamp="20151007 14:31:57.932">Arguments: [  ]</msg>
<kw library="sikuli_keywords" name="Wait For Image To Appear">
<arguments>
<arg>${t_UI}</arg>
<arg>${IMAGE_RECOGNITION_SENSITIVITY}</arg>
<arg>${TIMEOUT}</arg>
</arguments>
<msg level="TRACE" timestamp="20151007 14:31:57.957">Arguments: [ ${p_image}='Common/FBLoginPage/FBLOGIN_LOGIN_BUTTON.png' | ${p_imageRecognitionSensitivity}='0.68' | ${p_seconds}='20' ]</msg>
<kw library="sikulilibrary.SikuliMethods" name="Wait For Image To Be Visible">
<arguments>
<arg>${p_image}</arg>
<arg>${p_imageRecognitionSensitivity}</arg>
<arg>${p_seconds}</arg>
</arguments>
<msg level="TRACE" timestamp="20151007 14:31:57.962">Arguments: [ 'Common/FBLoginPage/FBLOGIN_LOGIN_BUTTON.png' | '0.68' | '20' ]</msg>
<msg level="TRACE" timestamp="20151007 14:31:58.068">Return: None</msg>
<status endtime="20151007 14:31:58.078" starttime="20151007 14:31:57.959" status="PASS"></status>
</kw>
<msg level="TRACE" timestamp="20151007 14:31:58.079">Return: None</msg>
<status endtime="20151007 14:31:58.080" starttime="20151007 14:31:57.954" status="PASS"></status>
</kw>
<kw library="sikuli_keywords" name="Click Application Image">
<arguments>
<arg>${t_UI}</arg>
<arg>${IMAGE_RECOGNITION_SENSITIVITY}</arg>
</arguments>
<msg level="TRACE" timestamp="20151007 14:31:58.083">Arguments: [ ${p_image}='Common/FBLoginPage/FBLOGIN_LOGIN_BUTTON.png' | ${p_imageRecognitionSensitivity}='0.68' ]</msg>
<kw library="sikulilibrary.SikuliMethods" name="Click Image">
<arguments>
<arg>${p_image}</arg>
<arg>${p_imageRecognitionSensitivity}</arg>
</arguments>
<msg level="TRACE" timestamp="20151007 14:31:58.095">Arguments: [ 'Common/FBLoginPage/FBLOGIN_LOGIN_BUTTON.png' | '0.68' ]</msg>
<msg level="INFO" timestamp="20151007 14:31:58.847">PASS: UI load successful. Reference image:'Common/FBLoginPage/FBLOGIN_LOGIN_BUTTON.png'.
[log] CLICK on L(681,453)@S(0)[0,0 1152x864]</msg>
<msg level="TRACE" timestamp="20151007 14:31:58.848">Return: None</msg>
<status endtime="20151007 14:31:58.849" starttime="20151007 14:31:58.083" status="PASS"></status>
</kw>
<msg level="TRACE" timestamp="20151007 14:31:58.849">Return: None</msg>
<status endtime="20151007 14:31:58.851" starttime="20151007 14:31:58.081" status="PASS"></status>
</kw>
<msg level="TRACE" timestamp="20151007 14:31:58.851">Return: None</msg>
<status endtime="20151007 14:31:58.851" starttime="20151007 14:31:57.931" status="PASS"></status>
</kw>
<msg level="TRACE" timestamp="20151007 14:31:58.852">Return: None</msg>
<status endtime="20151007 14:31:58.852" starttime="20151007 14:31:50.727" status="PASS"></status>
</kw>
<kw library="desktopapp_login_page" name="Then User Should Be Logged In Successfully">
<msg level="TRACE" timestamp="20151007 14:31:58.860">Arguments: [  ]</msg>
<kw library="desktopapp_global_helper" name="Wait And Assert That &quot;${USERHOMEPAGE_ZEROCURRENTWORK_PAGE}&quot; Is Visible">
<msg level="TRACE" timestamp="20151007 14:31:58.863">Arguments: [  ]</msg>
<kw library="sikuli_keywords" name="Wait For Image To Appear">
<arguments>
<arg>${t_image}</arg>
<arg>${IMAGE_RECOGNITION_SENSITIVITY}</arg>
<arg>${TIMEOUT}</arg>
</arguments>
<msg level="TRACE" timestamp="20151007 14:31:58.865">Arguments: [ ${p_image}='Common/UserHomePage/USERHOMEPAGE_DEFAULT_ZEROCURRENTWORK.png' | ${p_imageRecognitionSensitivity}='0.68' | ${p_seconds}='20' ]</msg>
<kw library="sikulilibrary.SikuliMethods" name="Wait For Image To Be Visible">
<arguments>
<arg>${p_image}</arg>
<arg>${p_imageRecognitionSensitivity}</arg>
<arg>${p_seconds}</arg>
</arguments>
<msg level="TRACE" timestamp="20151007 14:31:58.878">Arguments: [ 'Common/UserHomePage/USERHOMEPAGE_DEFAULT_ZEROCURRENTWORK.png' | '0.68' | '20' ]</msg>
<msg level="TRACE" timestamp="20151007 14:32:09.881">Return: None</msg>
<status endtime="20151007 14:32:09.882" starttime="20151007 14:31:58.867" status="PASS"></status>
</kw>
<msg level="TRACE" timestamp="20151007 14:32:09.884">Return: None</msg>
<status endtime="20151007 14:32:09.884" starttime="20151007 14:31:58.864" status="PASS"></status>
</kw>
<kw library="sikuli_keywords" name="Assert That Image Should Exist">
<arguments>
<arg>${t_image}</arg>
<arg>${IMAGE_RECOGNITION_SENSITIVITY}</arg>
</arguments>
<msg level="TRACE" timestamp="20151007 14:32:09.886">Arguments: [ ${p_image}='Common/UserHomePage/USERHOMEPAGE_DEFAULT_ZEROCURRENTWORK.png' | ${p_imageRecognitionSensitivity}='0.68' ]</msg>
<kw library="sikulilibrary.SikuliMethods" name="Assert Image Exists">
<arguments>
<arg>${p_image}</arg>
<arg>${p_imageRecognitionSensitivity}</arg>
</arguments>
<msg level="TRACE" timestamp="20151007 14:32:09.897">Arguments: [ 'Common/UserHomePage/USERHOMEPAGE_DEFAULT_ZEROCURRENTWORK.png' | '0.68' ]</msg>
<msg level="INFO" timestamp="20151007 14:32:10.292">PASS: UI matched with reference image:'Common/UserHomePage/USERHOMEPAGE_DEFAULT_ZEROCURRENTWORK.png'.</msg>
<msg level="TRACE" timestamp="20151007 14:32:10.293">Return: None</msg>
<status endtime="20151007 14:32:10.297" starttime="20151007 14:32:09.887" status="PASS"></status>
</kw>
<msg level="TRACE" timestamp="20151007 14:32:10.297">Return: None</msg>
<status endtime="20151007 14:32:10.350" starttime="20151007 14:32:09.885" status="PASS"></status>
</kw>
<msg level="TRACE" timestamp="20151007 14:32:10.371">Return: None</msg>
<status endtime="20151007 14:32:10.373" starttime="20151007 14:31:58.861" status="PASS"></status>
</kw>
<kw library="desktopapp_global_helper" name="Wait And Assert That &quot;${USERHOMEPAGE_BROWSEPROJECTS_BUTTON}&quot; Is Visible">
<msg level="TRACE" timestamp="20151007 14:32:10.375">Arguments: [  ]</msg>
<kw library="sikuli_keywords" name="Wait For Image To Appear">
<arguments>
<arg>${t_image}</arg>
<arg>${IMAGE_RECOGNITION_SENSITIVITY}</arg>
<arg>${TIMEOUT}</arg>
</arguments>
<msg level="TRACE" timestamp="20151007 14:32:10.378">Arguments: [ ${p_image}='Common/UserHomePage/USERHOMEPAGE_BUTTON_BROWSEPROJECTS.png' | ${p_imageRecognitionSensitivity}='0.68' | ${p_seconds}='20' ]</msg>
<kw library="sikulilibrary.SikuliMethods" name="Wait For Image To Be Visible">
<arguments>
<arg>${p_image}</arg>
<arg>${p_imageRecognitionSensitivity}</arg>
<arg>${p_seconds}</arg>
</arguments>
<msg level="TRACE" timestamp="20151007 14:32:10.381">Arguments: [ 'Common/UserHomePage/USERHOMEPAGE_BUTTON_BROWSEPROJECTS.png' | '0.68' | '20' ]</msg>
<msg level="TRACE" timestamp="20151007 14:32:10.507">Return: None</msg>
<status endtime="20151007 14:32:10.508" starttime="20151007 14:32:10.380" status="PASS"></status>
</kw>
<msg level="TRACE" timestamp="20151007 14:32:10.509">Return: None</msg>
<status endtime="20151007 14:32:10.515" starttime="20151007 14:32:10.375" status="PASS"></status>
</kw>
<kw library="sikuli_keywords" name="Assert That Image Should Exist">
<arguments>
<arg>${t_image}</arg>
<arg>${IMAGE_RECOGNITION_SENSITIVITY}</arg>
</arguments>
<msg level="TRACE" timestamp="20151007 14:32:10.523">Arguments: [ ${p_image}='Common/UserHomePage/USERHOMEPAGE_BUTTON_BROWSEPROJECTS.png' | ${p_imageRecognitionSensitivity}='0.68' ]</msg>
<kw library="sikulilibrary.SikuliMethods" name="Assert Image Exists">
<arguments>
<arg>${p_image}</arg>
<arg>${p_imageRecognitionSensitivity}</arg>
</arguments>
<msg level="TRACE" timestamp="20151007 14:32:10.525">Arguments: [ 'Common/UserHomePage/USERHOMEPAGE_BUTTON_BROWSEPROJECTS.png' | '0.68' ]</msg>
<msg level="INFO" timestamp="20151007 14:32:10.551">PASS: UI matched with reference image:'Common/UserHomePage/USERHOMEPAGE_BUTTON_BROWSEPROJECTS.png'.</msg>
<msg level="TRACE" timestamp="20151007 14:32:10.552">Return: None</msg>
<status endtime="20151007 14:32:10.552" starttime="20151007 14:32:10.524" status="PASS"></status>
</kw>
<msg level="TRACE" timestamp="20151007 14:32:10.552">Return: None</msg>
<status endtime="20151007 14:32:10.553" starttime="20151007 14:32:10.515" status="PASS"></status>
</kw>
<msg level="TRACE" timestamp="20151007 14:32:10.553">Return: None</msg>
<status endtime="20151007 14:32:10.553" starttime="20151007 14:32:10.374" status="PASS"></status>
</kw>
<kw library="desktopapp_global_helper" name="Wait And Assert That &quot;${USERHOMEPAGE_MYWORK_BUTTON}&quot; Is Visible">
<msg level="TRACE" timestamp="20151007 14:32:10.555">Arguments: [  ]</msg>
<kw library="sikuli_keywords" name="Wait For Image To Appear">
<arguments>
<arg>${t_image}</arg>
<arg>${IMAGE_RECOGNITION_SENSITIVITY}</arg>
<arg>${TIMEOUT}</arg>
</arguments>
<msg level="TRACE" timestamp="20151007 14:32:10.565">Arguments: [ ${p_image}='Common/UserHomePage/USERHOMEPAGE_BUTTON_MYWORK.png' | ${p_imageRecognitionSensitivity}='0.68' | ${p_seconds}='20' ]</msg>
<kw library="sikulilibrary.SikuliMethods" name="Wait For Image To Be Visible">
<arguments>
<arg>${p_image}</arg>
<arg>${p_imageRecognitionSensitivity}</arg>
<arg>${p_seconds}</arg>
</arguments>
<msg level="TRACE" timestamp="20151007 14:32:10.568">Arguments: [ 'Common/UserHomePage/USERHOMEPAGE_BUTTON_MYWORK.png' | '0.68' | '20' ]</msg>
<msg level="TRACE" timestamp="20151007 14:32:10.783">Return: None</msg>
<status endtime="20151007 14:32:10.784" starttime="20151007 14:32:10.567" status="PASS"></status>
</kw>
<msg level="TRACE" timestamp="20151007 14:32:10.784">Return: None</msg>
<status endtime="20151007 14:32:10.785" starttime="20151007 14:32:10.560" status="PASS"></status>
</kw>
<kw library="sikuli_keywords" name="Assert That Image Should Exist">
<arguments>
<arg>${t_image}</arg>
<arg>${IMAGE_RECOGNITION_SENSITIVITY}</arg>
</arguments>
<msg level="TRACE" timestamp="20151007 14:32:10.787">Arguments: [ ${p_image}='Common/UserHomePage/USERHOMEPAGE_BUTTON_MYWORK.png' | ${p_imageRecognitionSensitivity}='0.68' ]</msg>
<kw library="sikulilibrary.SikuliMethods" name="Assert Image Exists">
<arguments>
<arg>${p_image}</arg>
<arg>${p_imageRecognitionSensitivity}</arg>
</arguments>
<msg level="TRACE" timestamp="20151007 14:32:10.790">Arguments: [ 'Common/UserHomePage/USERHOMEPAGE_BUTTON_MYWORK.png' | '0.68' ]</msg>
<msg level="INFO" timestamp="20151007 14:32:10.804">PASS: UI matched with reference image:'Common/UserHomePage/USERHOMEPAGE_BUTTON_MYWORK.png'.</msg>
<msg level="TRACE" timestamp="20151007 14:32:10.805">Return: None</msg>
<status endtime="20151007 14:32:10.806" starttime="20151007 14:32:10.788" status="PASS"></status>
</kw>
<msg level="TRACE" timestamp="20151007 14:32:10.806">Return: None</msg>
<status endtime="20151007 14:32:10.806" starttime="20151007 14:32:10.785" status="PASS"></status>
</kw>
<msg level="TRACE" timestamp="20151007 14:32:10.807">Return: None</msg>
<status endtime="20151007 14:32:10.809" starttime="20151007 14:32:10.554" status="PASS"></status>
</kw>
<msg level="TRACE" timestamp="20151007 14:32:10.810">Return: None</msg>
<status endtime="20151007 14:32:10.810" starttime="20151007 14:31:58.853" status="PASS"></status>
</kw>
<kw library="desktopapp_login_page" name="When User Logs Out From The Desktop App">
<msg level="TRACE" timestamp="20151007 14:32:10.814">Arguments: [  ]</msg>
<kw library="desktopapp_global_helper" name="User Clicks &quot;${USERHOMEPAGE_EXPANDCONTEXTMENU_BUTTON}&quot;">
<msg level="TRACE" timestamp="20151007 14:32:10.816">Arguments: [  ]</msg>
<kw library="sikuli_keywords" name="Wait For Image To Appear">
<arguments>
<arg>${t_UI}</arg>
<arg>${IMAGE_RECOGNITION_SENSITIVITY}</arg>
<arg>${TIMEOUT}</arg>
</arguments>
<msg level="TRACE" timestamp="20151007 14:32:10.846">Arguments: [ ${p_image}='Common/UserHomePage/USERHOMEPAGE_BUTTON_EXPANDCONTEXTMENU.png' | ${p_imageRecognitionSensitivity}='0.68' | ${p_seconds}='20' ]</msg>
<kw library="sikulilibrary.SikuliMethods" name="Wait For Image To Be Visible">
<arguments>
<arg>${p_image}</arg>
<arg>${p_imageRecognitionSensitivity}</arg>
<arg>${p_seconds}</arg>
</arguments>
<msg level="TRACE" timestamp="20151007 14:32:10.850">Arguments: [ 'Common/UserHomePage/USERHOMEPAGE_BUTTON_EXPANDCONTEXTMENU.png' | '0.68' | '20' ]</msg>
<msg level="TRACE" timestamp="20151007 14:32:10.965">Return: None</msg>
<status endtime="20151007 14:32:10.967" starttime="20151007 14:32:10.848" status="PASS"></status>
</kw>
<msg level="TRACE" timestamp="20151007 14:32:10.967">Return: None</msg>
<status endtime="20151007 14:32:10.968" starttime="20151007 14:32:10.845" status="PASS"></status>
</kw>
<kw library="sikuli_keywords" name="Click Application Image">
<arguments>
<arg>${t_UI}</arg>
<arg>${IMAGE_RECOGNITION_SENSITIVITY}</arg>
</arguments>
<msg level="TRACE" timestamp="20151007 14:32:10.971">Arguments: [ ${p_image}='Common/UserHomePage/USERHOMEPAGE_BUTTON_EXPANDCONTEXTMENU.png' | ${p_imageRecognitionSensitivity}='0.68' ]</msg>
<kw library="sikulilibrary.SikuliMethods" name="Click Image">
<arguments>
<arg>${p_image}</arg>
<arg>${p_imageRecognitionSensitivity}</arg>
</arguments>
<msg level="TRACE" timestamp="20151007 14:32:10.974">Arguments: [ 'Common/UserHomePage/USERHOMEPAGE_BUTTON_EXPANDCONTEXTMENU.png' | '0.68' ]</msg>
<msg level="INFO" timestamp="20151007 14:32:11.720">PASS: UI load successful. Reference image:'Common/UserHomePage/USERHOMEPAGE_BUTTON_EXPANDCONTEXTMENU.png'.
[log] CLICK on L(252,128)@S(0)[0,0 1152x864]</msg>
<msg level="TRACE" timestamp="20151007 14:32:11.720">Return: None</msg>
<status endtime="20151007 14:32:11.721" starttime="20151007 14:32:10.972" status="PASS"></status>
</kw>
<msg level="TRACE" timestamp="20151007 14:32:11.722">Return: None</msg>
<status endtime="20151007 14:32:11.723" starttime="20151007 14:32:10.968" status="PASS"></status>
</kw>
<msg level="TRACE" timestamp="20151007 14:32:11.724">Return: None</msg>
<status endtime="20151007 14:32:11.724" starttime="20151007 14:32:10.815" status="PASS"></status>
</kw>
<kw library="desktopapp_global_helper" name="User Clicks &quot;${USERHOMEPAGE_LOGOUT_CONTEXTMENU}&quot;">
<msg level="TRACE" timestamp="20151007 14:32:11.737">Arguments: [  ]</msg>
<kw library="sikuli_keywords" name="Wait For Image To Appear">
<arguments>
<arg>${t_UI}</arg>
<arg>${IMAGE_RECOGNITION_SENSITIVITY}</arg>
<arg>${TIMEOUT}</arg>
</arguments>
<msg level="TRACE" timestamp="20151007 14:32:11.739">Arguments: [ ${p_image}='Common/UserHomePage/USERHOMEPAGE_CONTEXTMENU_LOGOUT.png' | ${p_imageRecognitionSensitivity}='0.68' | ${p_seconds}='20' ]</msg>
<kw library="sikulilibrary.SikuliMethods" name="Wait For Image To Be Visible">
<arguments>
<arg>${p_image}</arg>
<arg>${p_imageRecognitionSensitivity}</arg>
<arg>${p_seconds}</arg>
</arguments>
<msg level="TRACE" timestamp="20151007 14:32:11.749">Arguments: [ 'Common/UserHomePage/USERHOMEPAGE_CONTEXTMENU_LOGOUT.png' | '0.68' | '20' ]</msg>
<msg level="TRACE" timestamp="20151007 14:32:12.235">Return: None</msg>
<status endtime="20151007 14:32:12.237" starttime="20151007 14:32:11.741" status="PASS"></status>
</kw>
<msg level="TRACE" timestamp="20151007 14:32:12.238">Return: None</msg>
<status endtime="20151007 14:32:12.239" starttime="20151007 14:32:11.738" status="PASS"></status>
</kw>
<kw library="sikuli_keywords" name="Click Application Image">
<arguments>
<arg>${t_UI}</arg>
<arg>${IMAGE_RECOGNITION_SENSITIVITY}</arg>
</arguments>
<msg level="TRACE" timestamp="20151007 14:32:12.246">Arguments: [ ${p_image}='Common/UserHomePage/USERHOMEPAGE_CONTEXTMENU_LOGOUT.png' | ${p_imageRecognitionSensitivity}='0.68' ]</msg>
<kw library="sikulilibrary.SikuliMethods" name="Click Image">
<arguments>
<arg>${p_image}</arg>
<arg>${p_imageRecognitionSensitivity}</arg>
</arguments>
<msg level="TRACE" timestamp="20151007 14:32:12.248">Arguments: [ 'Common/UserHomePage/USERHOMEPAGE_CONTEXTMENU_LOGOUT.png' | '0.68' ]</msg>
<msg level="INFO" timestamp="20151007 14:32:12.991">PASS: UI load successful. Reference image:'Common/UserHomePage/USERHOMEPAGE_CONTEXTMENU_LOGOUT.png'.
[log] CLICK on L(211,268)@S(0)[0,0 1152x864]</msg>
<msg level="TRACE" timestamp="20151007 14:32:12.992">Return: None</msg>
<status endtime="20151007 14:32:12.993" starttime="20151007 14:32:12.247" status="PASS"></status>
</kw>
<msg level="TRACE" timestamp="20151007 14:32:12.993">Return: None</msg>
<status endtime="20151007 14:32:12.995" starttime="20151007 14:32:12.239" status="PASS"></status>
</kw>
<msg level="TRACE" timestamp="20151007 14:32:12.995">Return: None</msg>
<status endtime="20151007 14:32:12.995" starttime="20151007 14:32:11.735" status="PASS"></status>
</kw>
<kw library="desktopapp_login_page" name="User Confirms Logout">
<msg level="TRACE" timestamp="20151007 14:32:13.012">Arguments: [  ]</msg>
<kw library="desktopapp_global_helper" name="User Clicks &quot;${USERHOMEPAGE_LOGOUTCONFIRMATION_BUTTON}&quot;">
<msg level="TRACE" timestamp="20151007 14:32:13.015">Arguments: [  ]</msg>
<kw library="sikuli_keywords" name="Wait For Image To Appear">
<arguments>
<arg>${t_UI}</arg>
<arg>${IMAGE_RECOGNITION_SENSITIVITY}</arg>
<arg>${TIMEOUT}</arg>
</arguments>
<msg level="TRACE" timestamp="20151007 14:32:13.133">Arguments: [ ${p_image}='Common/UserHomePage/USERHOMEPAGE_BUTTON_YESIMSURE.png' | ${p_imageRecognitionSensitivity}='0.68' | ${p_seconds}='20' ]</msg>
<kw library="sikulilibrary.SikuliMethods" name="Wait For Image To Be Visible">
<arguments>
<arg>${p_image}</arg>
<arg>${p_imageRecognitionSensitivity}</arg>
<arg>${p_seconds}</arg>
</arguments>
<msg level="TRACE" timestamp="20151007 14:32:13.136">Arguments: [ 'Common/UserHomePage/USERHOMEPAGE_BUTTON_YESIMSURE.png' | '0.68' | '20' ]</msg>
<msg level="TRACE" timestamp="20151007 14:32:13.256">Return: None</msg>
<status endtime="20151007 14:32:13.257" starttime="20151007 14:32:13.134" status="PASS"></status>
</kw>
<msg level="TRACE" timestamp="20151007 14:32:13.258">Return: None</msg>
<status endtime="20151007 14:32:13.261" starttime="20151007 14:32:13.019" status="PASS"></status>
</kw>
<kw library="sikuli_keywords" name="Click Application Image">
<arguments>
<arg>${t_UI}</arg>
<arg>${IMAGE_RECOGNITION_SENSITIVITY}</arg>
</arguments>
<msg level="TRACE" timestamp="20151007 14:32:13.265">Arguments: [ ${p_image}='Common/UserHomePage/USERHOMEPAGE_BUTTON_YESIMSURE.png' | ${p_imageRecognitionSensitivity}='0.68' ]</msg>
<kw library="sikulilibrary.SikuliMethods" name="Click Image">
<arguments>
<arg>${p_image}</arg>
<arg>${p_imageRecognitionSensitivity}</arg>
</arguments>
<msg level="TRACE" timestamp="20151007 14:32:13.267">Arguments: [ 'Common/UserHomePage/USERHOMEPAGE_BUTTON_YESIMSURE.png' | '0.68' ]</msg>
<msg level="INFO" timestamp="20151007 14:32:14.063">PASS: UI load successful. Reference image:'Common/UserHomePage/USERHOMEPAGE_BUTTON_YESIMSURE.png'.
[log] CLICK on L(579,443)@S(0)[0,0 1152x864]</msg>
<msg level="TRACE" timestamp="20151007 14:32:14.063">Return: None</msg>
<status endtime="20151007 14:32:14.064" starttime="20151007 14:32:13.266" status="PASS"></status>
</kw>
<msg level="TRACE" timestamp="20151007 14:32:14.064">Return: None</msg>
<status endtime="20151007 14:32:14.065" starttime="20151007 14:32:13.261" status="PASS"></status>
</kw>
<msg level="TRACE" timestamp="20151007 14:32:14.065">Return: None</msg>
<status endtime="20151007 14:32:14.065" starttime="20151007 14:32:13.014" status="PASS"></status>
</kw>
<msg level="TRACE" timestamp="20151007 14:32:14.066">Return: None</msg>
<status endtime="20151007 14:32:14.066" starttime="20151007 14:32:13.003" status="PASS"></status>
</kw>
<msg level="TRACE" timestamp="20151007 14:32:14.082">Return: None</msg>
<status endtime="20151007 14:32:14.082" starttime="20151007 14:32:10.813" status="PASS"></status>
</kw>
<kw library="desktopapp_login_page" name="User Should Be Successfully Logged Out">
<msg level="TRACE" timestamp="20151007 14:32:14.083">Arguments: [  ]</msg>
<kw library="desktopapp_login_page" name="User Home Page Should Not Be Displayed">
<msg level="TRACE" timestamp="20151007 14:32:14.086">Arguments: [  ]</msg>
<kw library="sikuli_keywords" name="Assert That Image Should Not Exist">
<arguments>
<arg>${USERHOMEPAGE_ZEROCURRENTWORK_PAGE}</arg>
<arg>${IMAGE_RECOGNITION_SENSITIVITY}</arg>
</arguments>
<msg level="TRACE" timestamp="20151007 14:32:14.090">Arguments: [ ${p_image}='Common/UserHomePage/USERHOMEPAGE_DEFAULT_ZEROCURRENTWORK.png' | ${p_imageRecognitionSensitivity}='0.68' ]</msg>
<kw library="sikulilibrary.SikuliMethods" name="Assert Image Not Exists">
<arguments>
<arg>${p_image}</arg>
<arg>${p_imageRecognitionSensitivity}</arg>
</arguments>
<msg level="TRACE" timestamp="20151007 14:32:14.092">Arguments: [ 'Common/UserHomePage/USERHOMEPAGE_DEFAULT_ZEROCURRENTWORK.png' | '0.68' ]</msg>
<msg level="INFO" timestamp="20151007 14:32:21.285">PASS: No matching UI detected on screen in reference to image: 'Common/UserHomePage/USERHOMEPAGE_DEFAULT_ZEROCURRENTWORK.png'.</msg>
<msg level="TRACE" timestamp="20151007 14:32:21.286">Return: None</msg>
<status endtime="20151007 14:32:21.286" starttime="20151007 14:32:14.091" status="PASS"></status>
</kw>
<msg level="TRACE" timestamp="20151007 14:32:21.291">Return: None</msg>
<status endtime="20151007 14:32:21.291" starttime="20151007 14:32:14.087" status="PASS"></status>
</kw>
<kw library="sikuli_keywords" name="Assert That Image Should Not Exist">
<arguments>
<arg>${USERHOMEPAGE_ZEROCURRENTWORK_PAGE}</arg>
<arg>${IMAGE_RECOGNITION_SENSITIVITY}</arg>
</arguments>
<msg level="TRACE" timestamp="20151007 14:32:21.293">Arguments: [ ${p_image}='Common/UserHomePage/USERHOMEPAGE_DEFAULT_ZEROCURRENTWORK.png' | ${p_imageRecognitionSensitivity}='0.68' ]</msg>
<kw library="sikulilibrary.SikuliMethods" name="Assert Image Not Exists">
<arguments>
<arg>${p_image}</arg>
<arg>${p_imageRecognitionSensitivity}</arg>
</arguments>
<msg level="TRACE" timestamp="20151007 14:32:21.294">Arguments: [ 'Common/UserHomePage/USERHOMEPAGE_DEFAULT_ZEROCURRENTWORK.png' | '0.68' ]</msg>
<msg level="INFO" timestamp="20151007 14:32:27.873">PASS: No matching UI detected on screen in reference to image: 'Common/UserHomePage/USERHOMEPAGE_DEFAULT_ZEROCURRENTWORK.png'.</msg>
<msg level="TRACE" timestamp="20151007 14:32:27.873">Return: None</msg>
<status endtime="20151007 14:32:27.873" starttime="20151007 14:32:21.294" status="PASS"></status>
</kw>
<msg level="TRACE" timestamp="20151007 14:32:27.875">Return: None</msg>
<status endtime="20151007 14:32:27.877" starttime="20151007 14:32:21.291" status="PASS"></status>
</kw>
<kw library="sikuli_keywords" name="Assert That Image Should Not Exist">
<arguments>
<arg>${USERHOMEPAGE_ZEROCURRENTWORK_PAGE}</arg>
<arg>${IMAGE_RECOGNITION_SENSITIVITY}</arg>
</arguments>
<msg level="TRACE" timestamp="20151007 14:32:27.879">Arguments: [ ${p_image}='Common/UserHomePage/USERHOMEPAGE_DEFAULT_ZEROCURRENTWORK.png' | ${p_imageRecognitionSensitivity}='0.68' ]</msg>
<kw library="sikulilibrary.SikuliMethods" name="Assert Image Not Exists">
<arguments>
<arg>${p_image}</arg>
<arg>${p_imageRecognitionSensitivity}</arg>
</arguments>
<msg level="TRACE" timestamp="20151007 14:32:27.883">Arguments: [ 'Common/UserHomePage/USERHOMEPAGE_DEFAULT_ZEROCURRENTWORK.png' | '0.68' ]</msg>
<msg level="INFO" timestamp="20151007 14:32:34.913">PASS: No matching UI detected on screen in reference to image: 'Common/UserHomePage/USERHOMEPAGE_DEFAULT_ZEROCURRENTWORK.png'.</msg>
<msg level="TRACE" timestamp="20151007 14:32:34.914">Return: None</msg>
<status endtime="20151007 14:32:34.914" starttime="20151007 14:32:27.880" status="PASS"></status>
</kw>
<msg level="TRACE" timestamp="20151007 14:32:34.915">Return: None</msg>
<status endtime="20151007 14:32:34.915" starttime="20151007 14:32:27.878" status="PASS"></status>
</kw>
<msg level="TRACE" timestamp="20151007 14:32:34.915">Return: None</msg>
<status endtime="20151007 14:32:34.916" starttime="20151007 14:32:14.083" status="PASS"></status>
</kw>
<kw library="desktopapp_login_page" name="User Is In Desktop App Login Page">
<msg level="TRACE" timestamp="20151007 14:32:34.916">Arguments: [  ]</msg>
<kw library="sikuli_keywords" name="Set Application Focus">
<arguments>
<arg>${FREELANCER_DESKTOPAPP_NAME}</arg>
</arguments>
<msg level="TRACE" timestamp="20151007 14:32:34.919">Arguments: [ ${g_APPLICATION_NAME}='Freelancer Desktop App' ]</msg>
<kw library="sikulilibrary.SikuliMethods" name="Set App Focus">
<arguments>
<arg>${g_APPLICATION_NAME}</arg>
</arguments>
<msg level="TRACE" timestamp="20151007 14:32:34.924">Arguments: [ 'Freelancer Desktop App' ]</msg>
<msg level="INFO" timestamp="20151007 14:32:34.926">[log] App.focus:  [2628:Freelancer]</msg>
<msg level="TRACE" timestamp="20151007 14:32:34.926">Return: None</msg>
<status endtime="20151007 14:32:34.927" starttime="20151007 14:32:34.924" status="PASS"></status>
</kw>
<msg level="TRACE" timestamp="20151007 14:32:34.929">Return: None</msg>
<status endtime="20151007 14:32:34.929" starttime="20151007 14:32:34.917" status="PASS"></status>
</kw>
<kw library="sikuli_keywords" name="Wait For Image To Appear">
<arguments>
<arg>${DESKTOPAPP_LOGIN_PAGE}</arg>
<arg>${IMAGE_RECOGNITION_SENSITIVITY}</arg>
<arg>${TIMEOUT}</arg>
</arguments>
<msg level="TRACE" timestamp="20151007 14:32:34.932">Arguments: [ ${p_image}='Common/LoginPage/LOGIN_DEFAULT_LOGINPAGE.png' | ${p_imageRecognitionSensitivity}='0.68' | ${p_seconds}='20' ]</msg>
<kw library="sikulilibrary.SikuliMethods" name="Wait For Image To Be Visible">
<arguments>
<arg>${p_image}</arg>
<arg>${p_imageRecognitionSensitivity}</arg>
<arg>${p_seconds}</arg>
</arguments>
<msg level="TRACE" timestamp="20151007 14:32:34.935">Arguments: [ 'Common/LoginPage/LOGIN_DEFAULT_LOGINPAGE.png' | '0.68' | '20' ]</msg>
<msg level="TRACE" timestamp="20151007 14:32:35.005">Return: None</msg>
<status endtime="20151007 14:32:35.006" starttime="20151007 14:32:34.933" status="PASS"></status>
</kw>
<msg level="TRACE" timestamp="20151007 14:32:35.007">Return: None</msg>
<status endtime="20151007 14:32:35.007" starttime="20151007 14:32:34.930" status="PASS"></status>
</kw>
<kw library="sikuli_keywords" name="Assert That Image Should Exist">
<arguments>
<arg>${DESKTOPAPP_LOGIN_PAGE}</arg>
<arg>${IMAGE_RECOGNITION_SENSITIVITY}</arg>
</arguments>
<msg level="TRACE" timestamp="20151007 14:32:35.009">Arguments: [ ${p_image}='Common/LoginPage/LOGIN_DEFAULT_LOGINPAGE.png' | ${p_imageRecognitionSensitivity}='0.68' ]</msg>
<kw library="sikulilibrary.SikuliMethods" name="Assert Image Exists">
<arguments>
<arg>${p_image}</arg>
<arg>${p_imageRecognitionSensitivity}</arg>
</arguments>
<msg level="TRACE" timestamp="20151007 14:32:35.011">Arguments: [ 'Common/LoginPage/LOGIN_DEFAULT_LOGINPAGE.png' | '0.68' ]</msg>
<msg level="INFO" timestamp="20151007 14:32:35.085">PASS: UI matched with reference image:'Common/LoginPage/LOGIN_DEFAULT_LOGINPAGE.png'.</msg>
<msg level="TRACE" timestamp="20151007 14:32:35.087">Return: None</msg>
<status endtime="20151007 14:32:35.089" starttime="20151007 14:32:35.010" status="PASS"></status>
</kw>
<msg level="TRACE" timestamp="20151007 14:32:35.089">Return: None</msg>
<status endtime="20151007 14:32:35.089" starttime="20151007 14:32:35.007" status="PASS"></status>
</kw>
<msg level="TRACE" timestamp="20151007 14:32:35.122">Return: None</msg>
<status endtime="20151007 14:32:35.122" starttime="20151007 14:32:34.916" status="PASS"></status>
</kw>
<msg level="TRACE" timestamp="20151007 14:32:35.122">Return: None</msg>
<status endtime="20151007 14:32:35.123" starttime="20151007 14:32:14.083" status="PASS"></status>
</kw>
<kw type="teardown" library="sikuli_keywords" name="Close Application">
<arguments>
<arg>Freelancer Desktop App</arg>
</arguments>
<msg level="TRACE" timestamp="20151007 14:32:35.125">Arguments: [ ${g_APPLICATION_NAME}='Freelancer Desktop App' ]</msg>
<kw library="sikulilibrary.SikuliMethods" name="Terminate App">
<arguments>
<arg>${g_APPLICATION_NAME}</arg>
</arguments>
<msg level="TRACE" timestamp="20151007 14:32:35.125">Arguments: [ 'Freelancer Desktop App' ]</msg>
<msg level="INFO" timestamp="20151007 14:32:35.293">[log] App.close: [2628:freelancer-desktop-app.exe]</msg>
<msg level="TRACE" timestamp="20151007 14:32:35.293">Return: None</msg>
<status endtime="20151007 14:32:35.294" starttime="20151007 14:32:35.125" status="PASS"></status>
</kw>
<msg level="TRACE" timestamp="20151007 14:32:35.294">Return: None</msg>
<status endtime="20151007 14:32:35.294" starttime="20151007 14:32:35.124" status="PASS"></status>
</kw>
<tags>
<tag>LoginLogoutFunctionalityTest</tag>
</tags>
<status critical="yes" endtime="20151007 14:32:35.294" starttime="20151007 14:31:43.810" status="PASS"></status>
</test>
<doc>This suite covers the test cases for login logout functionality test of the Desktop App</doc>
<status endtime="20151007 14:32:35.298" starttime="20151007 14:31:03.594" status="FAIL"></status>
</suite>
<status endtime="20151007 14:32:35.303" starttime="20151007 14:31:03.501" status="FAIL"></status>
</suite>
<status endtime="20151007 14:32:35.314" starttime="20151007 14:31:02.557" status="FAIL"></status>
</suite>
<statistics>
<total>
<stat pass="1" fail="1">Critical Tests</stat>
<stat pass="1" fail="1">All Tests</stat>
</total>
<tag>
<stat pass="1" fail="1">LoginLogoutFunctionalityTest</stat>
</tag>
<suite>
<stat pass="1" fail="1" name="Collaboration" id="s1">Collaboration</stat>
<stat pass="1" fail="1" name="FunctionalTest" id="s1-s1">Collaboration.FunctionalTest</stat>
<stat pass="1" fail="1" name="LoginLogoutFunctionalityTest" id="s1-s1-s1">Collaboration.FunctionalTest.LoginLogoutFunctionalityTest</stat>
</suite>
</statistics>
<errors>
</errors>
</robot>
